#
# There is insufficient memory for the Java Runtime Environment to continue.
# Native memory allocation (malloc) failed to allocate 65552 bytes for Chunk::new
# Possible reasons:
#   The system is out of physical RAM or swap space
#   The process is running with CompressedOops enabled, and the Java Heap may be blocking the growth of the native heap
# Possible solutions:
#   Reduce memory load on the system
#   Increase physical memory or swap space
#   Check if swap backing store is full
#   Decrease Java heap size (-Xmx/-Xms)
#   Decrease number of Java threads
#   Decrease Java thread stack sizes (-Xss)
#   Set larger code cache with -XX:ReservedCodeCacheSize=
#   JVM is running with Unscaled Compressed Oops mode in which the Java heap is
#     placed in the first 4GB address space. The Java Heap base address is the
#     maximum limit for the native heap growth. Please use -XX:HeapBaseMinAddress
#     to set the Java Heap base and to place the Java Heap above 4GB virtual address.
# This output file may be truncated or incomplete.
#
#  Out of Memory Error (./open/src/hotspot/share/memory/arena.cpp:195), pid=20460, tid=8572
#
# JRE version: Java(TM) SE Runtime Environment (14.0.1+7) (build 14.0.1+7)
# Java VM: Java HotSpot(TM) 64-Bit Server VM (14.0.1+7, mixed mode, sharing, tiered, compressed oops, g1 gc, windows-amd64)
# No core dump will be written. Minidumps are not enabled by default on client versions of Windows
#

---------------  S U M M A R Y ------------

Command Line: -javaagent:C:\Program Files\JetBrains\IntelliJ IDEA Community Edition 2020.1.3\lib\idea_rt.jar=55862:C:\Program Files\JetBrains\IntelliJ IDEA Community Edition 2020.1.3\bin -Dfile.encoding=UTF-8 DataCollection.DataCollection

Host: Intel(R) Core(TM) i3-7100U CPU @ 2.40GHz, 4 cores, 3G,  Windows 10 , 64 bit Build 18362 (10.0.18362.959)
Time: Wed Sep  9 15:06:18 2020 ´eCN¹I±¹ C￥AØ½A elapsed time: 17 seconds (0d 0h 0m 17s)

---------------  T H R E A D  ---------------

Current thread (0x000002a2fef3a800):  JavaThread "C2 CompilerThread0" daemon [_thread_in_native, id=8572, stack(0x000000cedde00000,0x000000ceddf00000)]


Current CompileTask:
C2:  17942 4527       4       org.springframework.core.annotation.AnnotationsScanner::scan (20 bytes)

Stack: [0x000000cedde00000,0x000000ceddf00000]
Native frames: (J=compiled Java code, j=interpreted, Vv=VM code, C=native code)
V  [jvm.dll+0x5f840a]
V  [jvm.dll+0x741e4a]
V  [jvm.dll+0x7435ff]
V  [jvm.dll+0x743c43]
V  [jvm.dll+0x20d288]
V  [jvm.dll+0xabb07]
V  [jvm.dll+0xac1fc]
V  [jvm.dll+0x4fcf65]
V  [jvm.dll+0x4ff2bb]
V  [jvm.dll+0x4fd380]
V  [jvm.dll+0x4fdd90]
V  [jvm.dll+0x4fd18e]
V  [jvm.dll+0x4fd155]
V  [jvm.dll+0x4fd1a1]
V  [jvm.dll+0x4fd1a1]
V  [jvm.dll+0x50d170]
V  [jvm.dll+0x1ee036]
V  [jvm.dll+0x1e77c9]
V  [jvm.dll+0x1e4f98]
V  [jvm.dll+0x1779cc]
V  [jvm.dll+0x1f4105]
V  [jvm.dll+0x1f22eb]
V  [jvm.dll+0x706a9d]
V  [jvm.dll+0x6ff8ba]
V  [jvm.dll+0x5f72c6]
C  [ucrtbase.dll+0x20e82]
C  [KERNEL32.DLL+0x17bd4]
C  [ntdll.dll+0x6ce51]


---------------  P R O C E S S  ---------------

Threads class SMR info:
_java_thread_list=0x000002a293834990, length=29, elements={
0x000002a2f3e26000, 0x000002a2fef14800, 0x000002a2fef16000, 0x000002a2fef32000,
0x000002a2fef35000, 0x000002a2fef37000, 0x000002a2fef3a800, 0x000002a2fef41000,
0x000002a2fef42800, 0x000002a2fefbe000, 0x000002a2ffb91000, 0x000002a2ffb97000,
0x000002a2920a5800, 0x000002a2920a8000, 0x000002a2920a6000, 0x000002a2920aa000,
0x000002a2920a8800, 0x000002a2920a7000, 0x000002a2920a9800, 0x000002a2920a4800,
0x000002a2920ab000, 0x000002a29134b000, 0x000002a29134b800, 0x000002a29134c800,
0x000002a29134f000, 0x000002a29134d800, 0x000002a29134e000, 0x000002a291349000,
0x000002a29134f800
}

Java Threads: ( => current thread )
  0x000002a2f3e26000 JavaThread "main" [_thread_in_vm, id=16144, stack(0x000000cedd200000,0x000000cedd300000)]
  0x000002a2fef14800 JavaThread "Reference Handler" daemon [_thread_blocked, id=15740, stack(0x000000cedd900000,0x000000cedda00000)]
  0x000002a2fef16000 JavaThread "Finalizer" daemon [_thread_blocked, id=8472, stack(0x000000cedda00000,0x000000ceddb00000)]
  0x000002a2fef32000 JavaThread "Signal Dispatcher" daemon [_thread_blocked, id=8384, stack(0x000000ceddb00000,0x000000ceddc00000)]
  0x000002a2fef35000 JavaThread "Attach Listener" daemon [_thread_blocked, id=22184, stack(0x000000ceddc00000,0x000000ceddd00000)]
  0x000002a2fef37000 JavaThread "Service Thread" daemon [_thread_blocked, id=12452, stack(0x000000ceddd00000,0x000000cedde00000)]
=>0x000002a2fef3a800 JavaThread "C2 CompilerThread0" daemon [_thread_in_native, id=8572, stack(0x000000cedde00000,0x000000ceddf00000)]
  0x000002a2fef41000 JavaThread "C1 CompilerThread0" daemon [_thread_blocked, id=15212, stack(0x000000ceddf00000,0x000000cede000000)]
  0x000002a2fef42800 JavaThread "Sweeper thread" daemon [_thread_blocked, id=20936, stack(0x000000cede000000,0x000000cede100000)]
  0x000002a2fefbe000 JavaThread "Common-Cleaner" daemon [_thread_blocked, id=11648, stack(0x000000cede100000,0x000000cede200000)]
  0x000002a2ffb91000 JavaThread "Monitor Ctrl-Break" daemon [_thread_in_native, id=17396, stack(0x000000cede200000,0x000000cede300000)]
  0x000002a2ffb97000 JavaThread "Notification Thread" daemon [_thread_blocked, id=10516, stack(0x000000cede300000,0x000000cede400000)]
  0x000002a2920a5800 JavaThread "Catalina-utility-1" [_thread_blocked, id=21372, stack(0x000000cede700000,0x000000cede800000)]
  0x000002a2920a8000 JavaThread "Catalina-utility-2" [_thread_blocked, id=13048, stack(0x000000cedea00000,0x000000cedeb00000)]
  0x000002a2920a6000 JavaThread "container-0" [_thread_blocked, id=8772, stack(0x000000cedeb00000,0x000000cedec00000)]
  0x000002a2920aa000 JavaThread "cluster-ClusterId{value='5f5870d752ae09100e6f29fe', description='null'}-localhost:27017" daemon [_thread_blocked, id=17612, stack(0x000000cedec00000,0x000000ceded00000)]
  0x000002a2920a8800 JavaThread "http-nio-8080-BlockPoller" daemon [_thread_in_native, id=4428, stack(0x000000cedee00000,0x000000cedef00000)]
  0x000002a2920a7000 JavaThread "http-nio-8080-exec-1" daemon [_thread_blocked, id=11896, stack(0x000000cedef00000,0x000000cedf000000)]
  0x000002a2920a9800 JavaThread "http-nio-8080-exec-2" daemon [_thread_blocked, id=16572, stack(0x000000cedf000000,0x000000cedf100000)]
  0x000002a2920a4800 JavaThread "http-nio-8080-exec-3" daemon [_thread_blocked, id=20560, stack(0x000000cedf100000,0x000000cedf200000)]
  0x000002a2920ab000 JavaThread "http-nio-8080-exec-4" daemon [_thread_blocked, id=15196, stack(0x000000cedf200000,0x000000cedf300000)]
  0x000002a29134b000 JavaThread "http-nio-8080-exec-5" daemon [_thread_blocked, id=14584, stack(0x000000cedf300000,0x000000cedf400000)]
  0x000002a29134b800 JavaThread "http-nio-8080-exec-6" daemon [_thread_blocked, id=17888, stack(0x000000cedf400000,0x000000cedf500000)]
  0x000002a29134c800 JavaThread "http-nio-8080-exec-7" daemon [_thread_blocked, id=1520, stack(0x000000cedf500000,0x000000cedf600000)]
  0x000002a29134f000 JavaThread "http-nio-8080-exec-8" daemon [_thread_blocked, id=4476, stack(0x000000cedf600000,0x000000cedf700000)]
  0x000002a29134d800 JavaThread "http-nio-8080-exec-9" daemon [_thread_blocked, id=10620, stack(0x000000cedf700000,0x000000cedf800000)]
  0x000002a29134e000 JavaThread "http-nio-8080-exec-10" daemon [_thread_blocked, id=20788, stack(0x000000cedf800000,0x000000cedf900000)]
  0x000002a291349000 JavaThread "http-nio-8080-ClientPoller" daemon [_thread_in_native, id=19308, stack(0x000000cedf900000,0x000000cedfa00000)]
  0x000002a29134f800 JavaThread "http-nio-8080-Acceptor" daemon [_thread_in_native, id=21604, stack(0x000000cedfa00000,0x000000cedfb00000)]

Other Threads:
  0x000002a2fef10800 VMThread "VM Thread" [stack: 0x000000cedd800000,0x000000cedd900000] [id=4100]
  0x000002a2ffb98800 WatcherThread [stack: 0x000000cede400000,0x000000cede500000] [id=6016]
  0x000002a2f3e57800 GCTaskThread "GC Thread#0" [stack: 0x000000cedd300000,0x000000cedd400000] [id=19140]
  0x000002a29154c800 GCTaskThread "GC Thread#1" [stack: 0x000000cede500000,0x000000cede600000] [id=17048]
  0x000002a291793800 GCTaskThread "GC Thread#2" [stack: 0x000000cede800000,0x000000cede900000] [id=1780]
  0x000002a2917c6800 GCTaskThread "GC Thread#3" [stack: 0x000000cede900000,0x000000cedea00000] [id=13476]
  0x000002a2f3e63000 ConcurrentGCThread "G1 Main Marker" [stack: 0x000000cedd400000,0x000000cedd500000] [id=20016]
  0x000002a2f3e64800 ConcurrentGCThread "G1 Conc#0" [stack: 0x000000cedd500000,0x000000cedd600000] [id=14616]
  0x000002a2f3ea8800 ConcurrentGCThread "G1 Refine#0" [stack: 0x000000cedd600000,0x000000cedd700000] [id=888]
  0x000002a29160a000 ConcurrentGCThread "G1 Refine#1" [stack: 0x000000cede600000,0x000000cede700000] [id=21728]
  0x000002a2f3ea9800 ConcurrentGCThread "G1 Young RemSet Sampling" [stack: 0x000000cedd700000,0x000000cedd800000] [id=8868]

Threads with active compile tasks:
C2 CompilerThread0    18028 4527       4       org.springframework.core.annotation.AnnotationsScanner::scan (20 bytes)

VM state:not at safepoint (normal execution)

VM Mutex/Monitor currently owned by a thread: None

Heap address: 0x00000000c2200000, size: 990 MB, Compressed Oops mode: 32-bit
Narrow klass base: 0x0000000800000000, Narrow klass shift: 3
Compressed class space size: 1073741824 Address: 0x0000000800b30000

Heap:
 garbage-first heap   total 40960K, used 27504K [0x00000000c2200000, 0x0000000100000000)
  region size 1024K, 13 young (13312K), 3 survivors (3072K)
 Metaspace       used 36236K, capacity 37271K, committed 37376K, reserved 1081344K
  class space    used 4629K, capacity 5052K, committed 5120K, reserved 1048576K
Heap Regions: E=young(eden), S=young(survivor), O=old, HS=humongous(starts), HC=humongous(continues), CS=collection set, F=free, OA=open archive, CA=closed archive, TAMS=top-at-mark-start (previous, next)
|   0|0x00000000c2200000, 0x00000000c2300000, 0x00000000c2300000|100%| O|  |TAMS 0x00000000c2300000, 0x00000000c2200000| Untracked 
|   1|0x00000000c2300000, 0x00000000c2400000, 0x00000000c2400000|100%| O|  |TAMS 0x00000000c2400000, 0x00000000c2300000| Untracked 
|   2|0x00000000c2400000, 0x00000000c2500000, 0x00000000c2500000|100%| O|  |TAMS 0x00000000c2500000, 0x00000000c2400000| Untracked 
|   3|0x00000000c2500000, 0x00000000c2600000, 0x00000000c2600000|100%| O|  |TAMS 0x00000000c2600000, 0x00000000c2500000| Untracked 
|   4|0x00000000c2600000, 0x00000000c2700000, 0x00000000c2700000|100%| O|  |TAMS 0x00000000c2700000, 0x00000000c2600000| Untracked 
|   5|0x00000000c2700000, 0x00000000c2800000, 0x00000000c2800000|100%| O|  |TAMS 0x00000000c2800000, 0x00000000c2700000| Untracked 
|   6|0x00000000c2800000, 0x00000000c2900000, 0x00000000c2900000|100%| O|  |TAMS 0x00000000c2900000, 0x00000000c2800000| Untracked 
|   7|0x00000000c2900000, 0x00000000c29c5000, 0x00000000c2a00000| 76%| O|  |TAMS 0x00000000c29c5000, 0x00000000c2900000| Untracked 
|   8|0x00000000c2a00000, 0x00000000c2b00000, 0x00000000c2b00000|100%| O|  |TAMS 0x00000000c2b00000, 0x00000000c2a00000| Untracked 
|   9|0x00000000c2b00000, 0x00000000c2c00000, 0x00000000c2c00000|100%| O|  |TAMS 0x00000000c2c00000, 0x00000000c2b00000| Untracked 
|  10|0x00000000c2c00000, 0x00000000c2d00000, 0x00000000c2d00000|100%| O|  |TAMS 0x00000000c2d00000, 0x00000000c2c00000| Untracked 
|  11|0x00000000c2d00000, 0x00000000c2e00000, 0x00000000c2e00000|100%| O|  |TAMS 0x00000000c2e00000, 0x00000000c2d00000| Untracked 
|  12|0x00000000c2e00000, 0x00000000c2f00000, 0x00000000c2f00000|100%| O|  |TAMS 0x00000000c2f00000, 0x00000000c2e00000| Untracked 
|  13|0x00000000c2f00000, 0x00000000c3000000, 0x00000000c3000000|100%| O|  |TAMS 0x00000000c3000000, 0x00000000c2f00000| Untracked 
|  14|0x00000000c3000000, 0x00000000c3100000, 0x00000000c3100000|100%| O|  |TAMS 0x00000000c30de600, 0x00000000c3000000| Untracked 
|  15|0x00000000c3100000, 0x00000000c31fa800, 0x00000000c3200000| 97%| O|  |TAMS 0x00000000c3100000, 0x00000000c3100000| Untracked 
|  16|0x00000000c3200000, 0x00000000c3200000, 0x00000000c3300000|  0%| F|  |TAMS 0x00000000c3200000, 0x00000000c3200000| Untracked 
|  17|0x00000000c3300000, 0x00000000c3300000, 0x00000000c3400000|  0%| F|  |TAMS 0x00000000c3300000, 0x00000000c3300000| Untracked 
|  18|0x00000000c3400000, 0x00000000c3400000, 0x00000000c3500000|  0%| F|  |TAMS 0x00000000c3400000, 0x00000000c3400000| Untracked 
|  19|0x00000000c3500000, 0x00000000c3500000, 0x00000000c3600000|  0%| F|  |TAMS 0x00000000c3500000, 0x00000000c3500000| Untracked 
|  20|0x00000000c3600000, 0x00000000c3600000, 0x00000000c3700000|  0%| F|  |TAMS 0x00000000c3600000, 0x00000000c3600000| Untracked 
|  21|0x00000000c3700000, 0x00000000c3700000, 0x00000000c3800000|  0%| F|  |TAMS 0x00000000c3700000, 0x00000000c3700000| Untracked 
|  22|0x00000000c3800000, 0x00000000c3800000, 0x00000000c3900000|  0%| F|  |TAMS 0x00000000c3800000, 0x00000000c3800000| Untracked 
|  23|0x00000000c3900000, 0x00000000c3900000, 0x00000000c3a00000|  0%| F|  |TAMS 0x00000000c3900000, 0x00000000c3900000| Untracked 
|  24|0x00000000c3a00000, 0x00000000c3a00000, 0x00000000c3b00000|  0%| F|  |TAMS 0x00000000c3a00000, 0x00000000c3a00000| Untracked 
|  25|0x00000000c3b00000, 0x00000000c3b00000, 0x00000000c3c00000|  0%| F|  |TAMS 0x00000000c3b00000, 0x00000000c3b00000| Untracked 
|  26|0x00000000c3c00000, 0x00000000c3c1c868, 0x00000000c3d00000| 11%| S|CS|TAMS 0x00000000c3c00000, 0x00000000c3c00000| Complete 
|  27|0x00000000c3d00000, 0x00000000c3e00000, 0x00000000c3e00000|100%| S|CS|TAMS 0x00000000c3d00000, 0x00000000c3d00000| Complete 
|  28|0x00000000c3e00000, 0x00000000c3f00000, 0x00000000c3f00000|100%| S|CS|TAMS 0x00000000c3e00000, 0x00000000c3e00000| Complete 
|  29|0x00000000c3f00000, 0x00000000c3f00000, 0x00000000c4000000|  0%| F|  |TAMS 0x00000000c3f00000, 0x00000000c3f00000| Untracked 
|  30|0x00000000c4000000, 0x00000000c40b7ad0, 0x00000000c4100000| 71%| E|  |TAMS 0x00000000c4000000, 0x00000000c4000000| Complete 
|  31|0x00000000c4100000, 0x00000000c4200000, 0x00000000c4200000|100%| E|CS|TAMS 0x00000000c4100000, 0x00000000c4100000| Complete 
|  32|0x00000000c4200000, 0x00000000c4300000, 0x00000000c4300000|100%| E|CS|TAMS 0x00000000c4200000, 0x00000000c4200000| Complete 
|  33|0x00000000c4300000, 0x00000000c4400000, 0x00000000c4400000|100%| E|CS|TAMS 0x00000000c4300000, 0x00000000c4300000| Complete 
|  34|0x00000000c4400000, 0x00000000c4500000, 0x00000000c4500000|100%| E|CS|TAMS 0x00000000c4400000, 0x00000000c4400000| Complete 
|  35|0x00000000c4500000, 0x00000000c4600000, 0x00000000c4600000|100%| E|CS|TAMS 0x00000000c4500000, 0x00000000c4500000| Complete 
|  39|0x00000000c4900000, 0x00000000c4a00000, 0x00000000c4a00000|100%| E|CS|TAMS 0x00000000c4900000, 0x00000000c4900000| Complete 
|  40|0x00000000c4a00000, 0x00000000c4b00000, 0x00000000c4b00000|100%| E|CS|TAMS 0x00000000c4a00000, 0x00000000c4a00000| Complete 
|  41|0x00000000c4b00000, 0x00000000c4c00000, 0x00000000c4c00000|100%| E|CS|TAMS 0x00000000c4b00000, 0x00000000c4b00000| Complete 
|  61|0x00000000c5f00000, 0x00000000c6000000, 0x00000000c6000000|100%| E|CS|TAMS 0x00000000c5f00000, 0x00000000c5f00000| Complete 

Card table byte_map: [0x000002a2fc7b0000,0x000002a2fc9a0000] _byte_map_base: 0x000002a2fc19f000

Marking Bits (Prev, Next): (CMBitMap*) 0x000002a2f3e5a868, (CMBitMap*) 0x000002a2f3e5a8a8
 Prev Bits: [0x000002a2fcb90000, 0x000002a2fdb08000)
 Next Bits: [0x000002a2fdb10000, 0x000002a2fea88000)

Polling page: 0x000002a2f1cb0000

Metaspace:

Usage:
  Non-class:     31.46 MB capacity,    30.88 MB ( 98%) used,   478.64 KB (  1%) free+waste,   123.38 KB ( <1%) overhead. 
      Class:      4.93 MB capacity,     4.52 MB ( 92%) used,   363.62 KB (  7%) free+waste,    58.56 KB (  1%) overhead. 
       Both:     36.40 MB capacity,    35.40 MB ( 97%) used,   842.26 KB (  2%) free+waste,   181.94 KB ( <1%) overhead. 

Virtual space:
  Non-class space:       32.00 MB reserved,      31.50 MB ( 98%) committed 
      Class space:        1.00 GB reserved,       5.00 MB ( <1%) committed 
             Both:        1.03 GB reserved,      36.50 MB (  3%) committed 

Chunk freelists:
   Non-Class:  36.00 KB
       Class:  4.00 KB
        Both:  40.00 KB

MaxMetaspaceSize: 17179869184.00 GB
CompressedClassSpaceSize: 1.00 GB

CodeHeap 'non-profiled nmethods': size=120000Kb used=2209Kb max_used=2209Kb free=117790Kb
 bounds [0x000002a287ad0000, 0x000002a287d40000, 0x000002a28f000000]
CodeHeap 'profiled nmethods': size=120000Kb used=10303Kb max_used=10303Kb free=109696Kb
 bounds [0x000002a2805a0000, 0x000002a280fb0000, 0x000002a287ad0000]
CodeHeap 'non-nmethods': size=5760Kb used=1251Kb max_used=1298Kb free=4508Kb
 bounds [0x000002a280000000, 0x000002a280270000, 0x000002a2805a0000]
 total_blobs=6279 nmethods=4564 adapters=435
 compilation: enabled
              stopped_count=0, restarted_count=0
 full_count=0

Compilation events (20 events):
Event: 17.930 Thread 0x000002a2fef41000 4590       2       com.google.common.collect.Iterables$4::iterator (17 bytes)
Event: 17.931 Thread 0x000002a2fef41000 nmethod 4590 0x000002a280f9f090 code [0x000002a280f9f260, 0x000002a280f9f6e8]
Event: 17.931 Thread 0x000002a2fef41000 4591   !   2       java.util.Formatter$FormatSpecifier::width (64 bytes)
Event: 17.931 Thread 0x000002a2fef41000 nmethod 4591 0x000002a280f9f890 code [0x000002a280f9fa40, 0x000002a280f9fc38]
Event: 17.931 Thread 0x000002a2fef41000 4593       2       java.util.Formatter$FormatSpecifier::checkGeneral (114 bytes)
Event: 17.932 Thread 0x000002a2fef41000 nmethod 4593 0x000002a280f9fe10 code [0x000002a280fa0040, 0x000002a280fa0868]
Event: 17.932 Thread 0x000002a2fef41000 4592   !   2       java.util.Formatter$FormatSpecifier::precision (66 bytes)
Event: 17.933 Thread 0x000002a2fef41000 nmethod 4592 0x000002a280fa0c10 code [0x000002a280fa0dc0, 0x000002a280fa0fb8]
Event: 17.933 Thread 0x000002a2fef41000 4594       2       java.lang.reflect.Parameter::isNamePresent (23 bytes)
Event: 17.933 Thread 0x000002a2fef41000 nmethod 4594 0x000002a280fa1190 code [0x000002a280fa1320, 0x000002a280fa14a8]
Event: 17.933 Thread 0x000002a2fef41000 4595       1       springfox.documentation.spi.service.contexts.DocumentationContext::getAlternateTypeProvider (5 bytes)
Event: 17.933 Thread 0x000002a2fef41000 nmethod 4595 0x000002a287cf8110 code [0x000002a287cf82a0, 0x000002a287cf8378]
Event: 17.933 Thread 0x000002a2fef41000 4596       2       com.google.common.collect.FluentIterable::<init> (12 bytes)
Event: 17.934 Thread 0x000002a2fef41000 nmethod 4596 0x000002a280fa1590 code [0x000002a280fa1720, 0x000002a280fa1898]
Event: 17.934 Thread 0x000002a2fef41000 4597       2       org.springframework.plugin.metadata.SimplePluginMetadata::equals (65 bytes)
Event: 17.934 Thread 0x000002a2fef41000 nmethod 4597 0x000002a280fa1910 code [0x000002a280fa1ae0, 0x000002a280fa1e18]
Event: 17.934 Thread 0x000002a2fef41000 4598       2       springfox.documentation.spi.service.contexts.OperationContext::getDocumentationContext (8 bytes)
Event: 17.934 Thread 0x000002a2fef41000 nmethod 4598 0x000002a280fa1f90 code [0x000002a280fa2120, 0x000002a280fa2238]
Event: 17.935 Thread 0x000002a2fef41000 4599       2       java.lang.ClassLoader::getDefinedPackage (36 bytes)
Event: 17.935 Thread 0x000002a2fef41000 nmethod 4599 0x000002a280fa2310 code [0x000002a280fa24e0, 0x000002a280fa2788]

GC Heap History (20 events):
Event: 7.141 GC heap before
{Heap before GC invocations=3 (full 0):
 garbage-first heap   total 63488K, used 38569K [0x00000000c2200000, 0x0000000100000000)
  region size 1024K, 33 young (33792K), 2 survivors (2048K)
 Metaspace       used 14952K, capacity 15486K, committed 15616K, reserved 1062912K
  class space    used 1828K, capacity 2028K, committed 2048K, reserved 1048576K
}
Event: 7.149 GC heap after
{Heap after GC invocations=4 (full 0):
 garbage-first heap   total 63488K, used 8186K [0x00000000c2200000, 0x0000000100000000)
  region size 1024K, 3 young (3072K), 3 survivors (3072K)
 Metaspace       used 14952K, capacity 15486K, committed 15616K, reserved 1062912K
  class space    used 1828K, capacity 2028K, committed 2048K, reserved 1048576K
}
Event: 9.019 GC heap before
{Heap before GC invocations=4 (full 0):
 garbage-first heap   total 63488K, used 43002K [0x00000000c2200000, 0x0000000100000000)
  region size 1024K, 37 young (37888K), 3 survivors (3072K)
 Metaspace       used 16522K, capacity 17071K, committed 17408K, reserved 1064960K
  class space    used 2015K, capacity 2213K, committed 2304K, reserved 1048576K
}
Event: 9.028 GC heap after
{Heap after GC invocations=5 (full 0):
 garbage-first heap   total 63488K, used 9691K [0x00000000c2200000, 0x0000000100000000)
  region size 1024K, 4 young (4096K), 4 survivors (4096K)
 Metaspace       used 16522K, capacity 17071K, committed 17408K, reserved 1064960K
  class space    used 2015K, capacity 2213K, committed 2304K, reserved 1048576K
}
Event: 9.862 GC heap before
{Heap before GC invocations=5 (full 0):
 garbage-first heap   total 63488K, used 43483K [0x00000000c2200000, 0x0000000100000000)
  region size 1024K, 37 young (37888K), 4 survivors (4096K)
 Metaspace       used 17618K, capacity 18179K, committed 18304K, reserved 1064960K
  class space    used 2145K, capacity 2341K, committed 2432K, reserved 1048576K
}
Event: 9.870 GC heap after
{Heap after GC invocations=6 (full 0):
 garbage-first heap   total 63488K, used 10004K [0x00000000c2200000, 0x0000000100000000)
  region size 1024K, 2 young (2048K), 2 survivors (2048K)
 Metaspace       used 17618K, capacity 18179K, committed 18304K, reserved 1064960K
  class space    used 2145K, capacity 2341K, committed 2432K, reserved 1048576K
}
Event: 11.202 GC heap before
{Heap before GC invocations=6 (full 0):
 garbage-first heap   total 63488K, used 29460K [0x00000000c2200000, 0x0000000100000000)
  region size 1024K, 22 young (22528K), 2 survivors (2048K)
 Metaspace       used 20543K, capacity 21100K, committed 21248K, reserved 1067008K
  class space    used 2492K, capacity 2689K, committed 2816K, reserved 1048576K
}
Event: 11.214 GC heap after
{Heap after GC invocations=7 (full 0):
 garbage-first heap   total 63488K, used 10853K [0x00000000c2200000, 0x0000000100000000)
  region size 1024K, 3 young (3072K), 3 survivors (3072K)
 Metaspace       used 20543K, capacity 21100K, committed 21248K, reserved 1067008K
  class space    used 2492K, capacity 2689K, committed 2816K, reserved 1048576K
}
Event: 13.084 GC heap before
{Heap before GC invocations=8 (full 0):
 garbage-first heap   total 40960K, used 31333K [0x00000000c2200000, 0x0000000100000000)
  region size 1024K, 24 young (24576K), 3 survivors (3072K)
 Metaspace       used 24594K, capacity 25361K, committed 25728K, reserved 1071104K
  class space    used 3031K, capacity 3334K, committed 3456K, reserved 1048576K
}
Event: 13.105 GC heap after
{Heap after GC invocations=9 (full 0):
 garbage-first heap   total 40960K, used 12744K [0x00000000c2200000, 0x0000000100000000)
  region size 1024K, 3 young (3072K), 3 survivors (3072K)
 Metaspace       used 24594K, capacity 25361K, committed 25728K, reserved 1071104K
  class space    used 3031K, capacity 3334K, committed 3456K, reserved 1048576K
}
Event: 14.579 GC heap before
{Heap before GC invocations=9 (full 0):
 garbage-first heap   total 40960K, used 31176K [0x00000000c2200000, 0x0000000100000000)
  region size 1024K, 21 young (21504K), 3 survivors (3072K)
 Metaspace       used 27249K, capacity 28038K, committed 28288K, reserved 1073152K
  class space    used 3373K, capacity 3670K, committed 3712K, reserved 1048576K
}
Event: 14.586 GC heap after
{Heap after GC invocations=10 (full 0):
 garbage-first heap   total 40960K, used 13869K [0x00000000c2200000, 0x0000000100000000)
  region size 1024K, 1 young (1024K), 1 survivors (1024K)
 Metaspace       used 27249K, capacity 28038K, committed 28288K, reserved 1073152K
  class space    used 3373K, capacity 3670K, committed 3712K, reserved 1048576K
}
Event: 15.231 GC heap before
{Heap before GC invocations=10 (full 0):
 garbage-first heap   total 40960K, used 31277K [0x00000000c2200000, 0x0000000100000000)
  region size 1024K, 18 young (18432K), 1 survivors (1024K)
 Metaspace       used 29913K, capacity 30795K, committed 31104K, reserved 1077248K
  class space    used 3788K, capacity 4167K, committed 4224K, reserved 1048576K
}
Event: 15.236 GC heap after
{Heap after GC invocations=11 (full 0):
 garbage-first heap   total 40960K, used 14968K [0x00000000c2200000, 0x0000000100000000)
  region size 1024K, 3 young (3072K), 3 survivors (3072K)
 Metaspace       used 29913K, capacity 30795K, committed 31104K, reserved 1077248K
  class space    used 3788K, capacity 4167K, committed 4224K, reserved 1048576K
}
Event: 15.974 GC heap before
{Heap before GC invocations=11 (full 0):
 garbage-first heap   total 40960K, used 31352K [0x00000000c2200000, 0x0000000100000000)
  region size 1024K, 19 young (19456K), 3 survivors (3072K)
 Metaspace       used 31567K, capacity 32484K, committed 32512K, reserved 1077248K
  class space    used 3981K, capacity 4339K, committed 4352K, reserved 1048576K
}
Event: 15.980 GC heap after
{Heap after GC invocations=12 (full 0):
 garbage-first heap   total 40960K, used 16063K [0x00000000c2200000, 0x0000000100000000)
  region size 1024K, 3 young (3072K), 3 survivors (3072K)
 Metaspace       used 31567K, capacity 32484K, committed 32512K, reserved 1077248K
  class space    used 3981K, capacity 4339K, committed 4352K, reserved 1048576K
}
Event: 16.706 GC heap before
{Heap before GC invocations=12 (full 0):
 garbage-first heap   total 40960K, used 31423K [0x00000000c2200000, 0x0000000100000000)
  region size 1024K, 18 young (18432K), 3 survivors (3072K)
 Metaspace       used 33192K, capacity 34140K, committed 34432K, reserved 1079296K
  class space    used 4214K, capacity 4610K, committed 4736K, reserved 1048576K
}
Event: 16.715 GC heap after
{Heap after GC invocations=13 (full 0):
 garbage-first heap   total 40960K, used 17551K [0x00000000c2200000, 0x0000000100000000)
  region size 1024K, 3 young (3072K), 3 survivors (3072K)
 Metaspace       used 33192K, capacity 34140K, committed 34432K, reserved 1079296K
  class space    used 4214K, capacity 4610K, committed 4736K, reserved 1048576K
}
Event: 17.319 GC heap before
{Heap before GC invocations=13 (full 0):
 garbage-first heap   total 40960K, used 27791K [0x00000000c2200000, 0x0000000100000000)
  region size 1024K, 14 young (14336K), 3 survivors (3072K)
 Metaspace       used 34761K, capacity 35733K, committed 35840K, reserved 1081344K
  class space    used 4431K, capacity 4820K, committed 4864K, reserved 1048576K
}
Event: 17.325 GC heap after
{Heap after GC invocations=14 (full 0):
 garbage-first heap   total 40960K, used 18288K [0x00000000c2200000, 0x0000000100000000)
  region size 1024K, 3 young (3072K), 3 survivors (3072K)
 Metaspace       used 34761K, capacity 35733K, committed 35840K, reserved 1081344K
  class space    used 4431K, capacity 4820K, committed 4864K, reserved 1048576K
}

Deoptimization events (20 events):
Event: 16.970 Thread 0x000002a2f3e26000 Uncommon trap: trap_request=0xffffff45 fr.pc=0x000002a287cb82c8 relative=0x0000000000001cc8
Event: 16.970 Thread 0x000002a2f3e26000 Uncommon trap: reason=unstable_if action=reinterpret pc=0x000002a287cb82c8 method=org.springframework.beans.factory.support.AbstractBeanFactory.isTypeMatch(Ljava/lang/String;Lorg/springframework/core/ResolvableType;Z)Z @ 34 c2
Event: 16.970 Thread 0x000002a2f3e26000 DEOPT PACKING pc=0x000002a287cb82c8 sp=0x000000cedd2fe130
Event: 16.970 Thread 0x000002a2f3e26000 DEOPT UNPACKING pc=0x000002a28004912f sp=0x000000cedd2fe0f0 mode 2
Event: 17.326 Thread 0x000002a2f3e26000 Uncommon trap: trap_request=0xffffff45 fr.pc=0x000002a287cc15a4 relative=0x00000000000001a4
Event: 17.326 Thread 0x000002a2f3e26000 Uncommon trap: reason=unstable_if action=reinterpret pc=0x000002a287cc15a4 method=java.util.HashMap.getNode(ILjava/lang/Object;)Ljava/util/HashMap$Node; @ 129 c2
Event: 17.326 Thread 0x000002a2f3e26000 DEOPT PACKING pc=0x000002a287cc15a4 sp=0x000000cedd2fe990
Event: 17.326 Thread 0x000002a2f3e26000 DEOPT UNPACKING pc=0x000002a28004912f sp=0x000000cedd2fe8b0 mode 2
Event: 17.328 Thread 0x000002a2f3e26000 Uncommon trap: trap_request=0xffffff45 fr.pc=0x000002a287be2ac4 relative=0x00000000000002c4
Event: 17.328 Thread 0x000002a2f3e26000 Uncommon trap: reason=unstable_if action=reinterpret pc=0x000002a287be2ac4 method=java.util.HashMap.getNode(ILjava/lang/Object;)Ljava/util/HashMap$Node; @ 62 c2
Event: 17.328 Thread 0x000002a2f3e26000 DEOPT PACKING pc=0x000002a287be2ac4 sp=0x000000cedd2fe350
Event: 17.328 Thread 0x000002a2f3e26000 DEOPT UNPACKING pc=0x000002a28004912f sp=0x000000cedd2fe2d8 mode 2
Event: 17.328 Thread 0x000002a2f3e26000 Uncommon trap: trap_request=0xffffff45 fr.pc=0x000002a287cdb464 relative=0x0000000000000884
Event: 17.328 Thread 0x000002a2f3e26000 Uncommon trap: reason=unstable_if action=reinterpret pc=0x000002a287cdb464 method=java.util.HashMap.putVal(ILjava/lang/Object;Ljava/lang/Object;ZZ)Ljava/lang/Object; @ 94 c2
Event: 17.328 Thread 0x000002a2f3e26000 DEOPT PACKING pc=0x000002a287cdb464 sp=0x000000cedd2fe350
Event: 17.328 Thread 0x000002a2f3e26000 DEOPT UNPACKING pc=0x000002a28004912f sp=0x000000cedd2fe2d8 mode 2
Event: 17.934 Thread 0x000002a2f3e26000 Uncommon trap: trap_request=0xffffff45 fr.pc=0x000002a287cefa28 relative=0x00000000000002e8
Event: 17.934 Thread 0x000002a2f3e26000 Uncommon trap: reason=unstable_if action=reinterpret pc=0x000002a287cefa28 method=java.util.regex.Matcher.reset()Ljava/util/regex/Matcher; @ 71 c2
Event: 17.934 Thread 0x000002a2f3e26000 DEOPT PACKING pc=0x000002a287cefa28 sp=0x000000cedd2fe6e0
Event: 17.934 Thread 0x000002a2f3e26000 DEOPT UNPACKING pc=0x000002a28004912f sp=0x000000cedd2fe668 mode 2

Classes unloaded (1 events):
Event: 11.242 Thread 0x000002a2fef10800 Unloading class 0x0000000800be5840 'org/springframework/core/GenericTypeResolver$$Lambda$72'

Classes redefined (0 events):
No events

Internal exceptions (20 events):
Event: 15.598 Thread 0x000002a2f3e26000 Exception <a 'java/lang/ClassNotFoundException'{0x00000000c43c0f78}: org/springframework/beans/factory/FactoryBeanCustomizer> (0x00000000c43c0f78) 
thrown [./open/src/hotspot/share/classfile/systemDictionary.cpp, line 226]
Event: 15.600 Thread 0x000002a2f3e26000 Exception <a 'java/lang/ClassNotFoundException'{0x00000000c43d1648}: org/springframework/context/ApplicationContextAwareCustomizer> (0x00000000c43d1648) 
thrown [./open/src/hotspot/share/classfile/systemDictionary.cpp, line 226]
Event: 15.601 Thread 0x000002a2f3e26000 Exception <a 'java/lang/ClassNotFoundException'{0x00000000c43de3d0}: org/springframework/beans/factory/AwareCustomizer> (0x00000000c43de3d0) 
thrown [./open/src/hotspot/share/classfile/systemDictionary.cpp, line 226]
Event: 15.602 Thread 0x000002a2f3e26000 Exception <a 'java/lang/ClassNotFoundException'{0x00000000c43e9f90}: org/springframework/context/ApplicationListenerCustomizer> (0x00000000c43e9f90) 
thrown [./open/src/hotspot/share/classfile/systemDictionary.cpp, line 226]
Event: 15.603 Thread 0x000002a2f3e26000 Exception <a 'java/lang/ClassNotFoundException'{0x00000000c43ec8e8}: java/util/EventListenerCustomizer> (0x00000000c43ec8e8) 
thrown [./open/src/hotspot/share/classfile/systemDictionary.cpp, line 226]
Event: 15.604 Thread 0x000002a2f3e26000 Exception <a 'java/lang/ClassNotFoundException'{0x00000000c43f8c60}: org/springframework/beans/factory/InitializingBeanCustomizer> (0x00000000c43f8c60) 
thrown [./open/src/hotspot/share/classfile/systemDictionary.cpp, line 226]
Event: 15.938 Thread 0x000002a2f3e26000 Exception <a 'java/lang/ClassNotFoundException'{0x00000000c3bfb198}: java/lang/ObjectCustomizer> (0x00000000c3bfb198) 
thrown [./open/src/hotspot/share/classfile/systemDictionary.cpp, line 226]
Event: 15.939 Thread 0x000002a2f3e26000 Exception <a 'java/lang/ClassNotFoundException'{0x00000000c3a0cab8}: org/springframework/web/servlet/config/annotation/WebMvcConfigurationSupportCustomizer> (0x00000000c3a0cab8) 
thrown [./open/src/hotspot/share/classfile/systemDictionary.cpp, line 226]
Event: 15.941 Thread 0x000002a2f3e26000 Exception <a 'java/lang/ClassNotFoundException'{0x00000000c3a288b8}: org/springframework/web/servlet/config/annotation/DelegatingWebMvcConfigurationCustomizer> (0x00000000c3a288b8) 
thrown [./open/src/hotspot/share/classfile/systemDictionary.cpp, line 226]
Event: 15.943 Thread 0x000002a2f3e26000 Exception <a 'java/lang/ClassNotFoundException'{0x00000000c3a3c910}: org/springframework/boot/autoconfigure/web/servlet/WebMvcAutoConfiguration$EnableWebMvcConfigurationCustomizer> (0x00000000c3a3c910) 
thrown [./open/src/hotspot/share/classfile/systemDictionary.cpp, line 226]
Event: 15.945 Thread 0x000002a2f3e26000 Exception <a 'java/lang/ClassNotFoundException'{0x00000000c3a55190}: org/springframework/context/ResourceLoaderAwareCustomizer> (0x00000000c3a55190) 
thrown [./open/src/hotspot/share/classfile/systemDictionary.cpp, line 226]
Event: 15.946 Thread 0x000002a2f3e26000 Exception <a 'java/lang/ClassNotFoundException'{0x00000000c3a608b0}: org/springframework/beans/factory/AwareCustomizer> (0x00000000c3a608b0) 
thrown [./open/src/hotspot/share/classfile/systemDictionary.cpp, line 226]
Event: 15.948 Thread 0x000002a2f3e26000 Exception <a 'java/lang/ClassNotFoundException'{0x00000000c3a6c440}: org/springframework/context/ApplicationContextAwareCustomizer> (0x00000000c3a6c440) 
thrown [./open/src/hotspot/share/classfile/systemDictionary.cpp, line 226]
Event: 15.949 Thread 0x000002a2f3e26000 Exception <a 'java/lang/ClassNotFoundException'{0x00000000c3a78308}: org/springframework/beans/factory/AwareCustomizer> (0x00000000c3a78308) 
thrown [./open/src/hotspot/share/classfile/systemDictionary.cpp, line 226]
Event: 15.950 Thread 0x000002a2f3e26000 Exception <a 'java/lang/ClassNotFoundException'{0x00000000c3a83eb0}: org/springframework/web/context/ServletContextAwareCustomizer> (0x00000000c3a83eb0) 
thrown [./open/src/hotspot/share/classfile/systemDictionary.cpp, line 226]
Event: 15.951 Thread 0x000002a2f3e26000 Exception <a 'java/lang/ClassNotFoundException'{0x00000000c3a8fca0}: org/springframework/beans/factory/AwareCustomizer> (0x00000000c3a8fca0) 
thrown [./open/src/hotspot/share/classfile/systemDictionary.cpp, line 226]
Event: 15.988 Thread 0x000002a2f3e26000 Exception <a 'java/lang/NoSuchMethodError'{0x00000000c5f46600}: 'void java.lang.invoke.DirectMethodHandle$Holder.invokeVirtual(java.lang.Object, java.lang.Object, java.lang.Object, java.lang.Object)'> (0x00000000c5f46600) 
thrown [./open/src/hotspot/share/interpreter/linkResolver.cpp, line 766]
Event: 16.944 Thread 0x000002a2f3e26000 Exception <a 'java/lang/NoSuchMethodError'{0x00000000c4abef90}: 'java.lang.Object java.lang.invoke.DirectMethodHandle$Holder.invokeInterface(java.lang.Object, java.lang.Object, java.lang.Object)'> (0x00000000c4abef90) 
thrown [./open/src/hotspot/share/interpreter/linkResolver.cpp, line 766]
Event: 16.945 Thread 0x000002a2f3e26000 Exception <a 'java/lang/IncompatibleClassChangeError'{0x00000000c4ac1bf0}: Found class java.lang.Object, but interface was expected> (0x00000000c4ac1bf0) 
thrown [./open/src/hotspot/share/interpreter/linkResolver.cpp, line 832]
Event: 16.992 Thread 0x000002a2f3e26000 Exception <a 'java/lang/NoSuchMethodError'{0x00000000c49ec398}: 'int java.lang.invoke.DirectMethodHandle$Holder.invokeStaticInit(java.lang.Object, java.lang.Object, java.lang.Object, java.lang.Object)'> (0x00000000c49ec398) 
thrown [./open/src/hotspot/share/interpreter/linkResolver.cpp, line 766]

Events (20 events):
Event: 17.436 loading class java/util/regex/Pattern$LookBehindEndNode
Event: 17.436 loading class java/util/regex/Pattern$LookBehindEndNode done
Event: 17.436 loading class java/util/regex/Pattern$Behind
Event: 17.437 loading class java/util/regex/Pattern$Behind done
Event: 17.437 loading class java/util/regex/Pattern$Pos
Event: 17.437 loading class java/util/regex/Pattern$Pos done
Event: 17.477 loading class java/util/concurrent/CancellationException
Event: 17.477 loading class java/util/concurrent/CancellationException done
Event: 17.478 loading class sun/misc/Unsafe
Event: 17.479 loading class sun/misc/Unsafe done
Event: 17.658 loading class java/util/regex/Pattern$NotBehind
Event: 17.659 loading class java/util/regex/Pattern$NotBehind done
Event: 17.668 loading class java/util/regex/Pattern$SliceI
Event: 17.669 loading class java/util/regex/Pattern$SliceI done
Event: 17.681 loading class java/util/OptionalLong
Event: 17.682 loading class java/util/OptionalLong done
Event: 17.682 loading class java/util/OptionalDouble
Event: 17.682 loading class java/util/OptionalDouble done
Event: 17.724 Executing VM operation: HandshakeAllThreads
Event: 17.724 Executing VM operation: HandshakeAllThreads done


Dynamic libraries:
0x00007ff7c2080000 - 0x00007ff7c208f000 	C:\Program Files\Java\jdk-14.0.1\bin\java.exe
0x00007ff970780000 - 0x00007ff970970000 	C:\WINDOWS\SYSTEM32\ntdll.dll
0x00007ff96fc20000 - 0x00007ff96fcd2000 	C:\WINDOWS\System32\KERNEL32.DLL
0x00007ff96d700000 - 0x00007ff96d9a4000 	C:\WINDOWS\System32\KERNELBASE.dll
0x00007ff96e3f0000 - 0x00007ff96e4ea000 	C:\WINDOWS\System32\ucrtbase.dll
0x00007ff95d4a0000 - 0x00007ff95d4b8000 	C:\Program Files\Java\jdk-14.0.1\bin\jli.dll
0x00007ff96fa90000 - 0x00007ff96fb33000 	C:\WINDOWS\System32\ADVAPI32.dll
0x00007ff96f630000 - 0x00007ff96f6ce000 	C:\WINDOWS\System32\msvcrt.dll
0x00007ff9705d0000 - 0x00007ff970667000 	C:\WINDOWS\System32\sechost.dll
0x00007ff9704b0000 - 0x00007ff9705d0000 	C:\WINDOWS\System32\RPCRT4.dll
0x00007ff970290000 - 0x00007ff970425000 	C:\WINDOWS\System32\USER32.dll
0x00007ff96d9b0000 - 0x00007ff96d9d1000 	C:\WINDOWS\System32\win32u.dll
0x00007ff96fbf0000 - 0x00007ff96fc16000 	C:\WINDOWS\System32\GDI32.dll
0x00007ff96d9e0000 - 0x00007ff96db76000 	C:\WINDOWS\System32\gdi32full.dll
0x00007ff96e4f0000 - 0x00007ff96e58e000 	C:\WINDOWS\System32\msvcp_win.dll
0x00007ff958310000 - 0x00007ff958594000 	C:\WINDOWS\WinSxS\amd64_microsoft.windows.common-controls_6595b64144ccf1df_6.0.18362.1016_none_9e7a36bbe461dae4\COMCTL32.dll
0x00007ff96fce0000 - 0x00007ff970015000 	C:\WINDOWS\System32\combase.dll
0x00007ff96e5b0000 - 0x00007ff96e630000 	C:\WINDOWS\System32\bcryptPrimitives.dll
0x00007ff9628f0000 - 0x00007ff9628fa000 	C:\WINDOWS\SYSTEM32\VERSION.dll
0x00007ff95d4c0000 - 0x00007ff95d4d5000 	C:\Program Files\Java\jdk-14.0.1\bin\VCRUNTIME140.dll
0x00007ff96fa60000 - 0x00007ff96fa8e000 	C:\WINDOWS\System32\IMM32.DLL
0x00007ff95cdf0000 - 0x00007ff95ce8b000 	C:\Program Files\Java\jdk-14.0.1\bin\msvcp140.dll
0x00007ff917ff0000 - 0x00007ff918b0e000 	C:\Program Files\Java\jdk-14.0.1\bin\server\jvm.dll
0x00007ff96f960000 - 0x00007ff96f968000 	C:\WINDOWS\System32\PSAPI.DLL
0x00007ff9594a0000 - 0x00007ff9594a9000 	C:\WINDOWS\SYSTEM32\WSOCK32.dll
0x00007ff96f970000 - 0x00007ff96f9df000 	C:\WINDOWS\System32\WS2_32.dll
0x00007ff96aea0000 - 0x00007ff96aec4000 	C:\WINDOWS\SYSTEM32\WINMM.dll
0x00007ff96ae40000 - 0x00007ff96ae6d000 	C:\WINDOWS\SYSTEM32\WINMMBASE.dll
0x00007ff96e3a0000 - 0x00007ff96e3ea000 	C:\WINDOWS\System32\cfgmgr32.dll
0x00007ff96d640000 - 0x00007ff96d651000 	C:\WINDOWS\System32\kernel.appcore.dll
0x00007ff960b40000 - 0x00007ff960b4a000 	C:\Program Files\Java\jdk-14.0.1\bin\jimage.dll
0x00007ff96bf00000 - 0x00007ff96c0f4000 	C:\WINDOWS\SYSTEM32\DBGHELP.DLL
0x00007ff9611f0000 - 0x00007ff96121a000 	C:\WINDOWS\SYSTEM32\dbgcore.DLL
0x00007ff965df0000 - 0x00007ff965dfe000 	C:\Program Files\Java\jdk-14.0.1\bin\instrument.dll
0x00007ff95d470000 - 0x00007ff95d495000 	C:\Program Files\Java\jdk-14.0.1\bin\java.dll
0x00007ff95d450000 - 0x00007ff95d466000 	C:\Program Files\Java\jdk-14.0.1\bin\zip.dll
0x00007ff96ee90000 - 0x00007ff96f577000 	C:\WINDOWS\System32\SHELL32.dll
0x00007ff96f580000 - 0x00007ff96f629000 	C:\WINDOWS\System32\shcore.dll
0x00007ff96dc10000 - 0x00007ff96e392000 	C:\WINDOWS\System32\windows.storage.dll
0x00007ff96d6b0000 - 0x00007ff96d6d3000 	C:\WINDOWS\System32\profapi.dll
0x00007ff96d660000 - 0x00007ff96d6aa000 	C:\WINDOWS\System32\powrprof.dll
0x00007ff96d630000 - 0x00007ff96d640000 	C:\WINDOWS\System32\UMPDC.dll
0x00007ff970230000 - 0x00007ff970282000 	C:\WINDOWS\System32\shlwapi.dll
0x00007ff96e590000 - 0x00007ff96e5a7000 	C:\WINDOWS\System32\cryptsp.dll
0x00007ff95d430000 - 0x00007ff95d449000 	C:\Program Files\Java\jdk-14.0.1\bin\net.dll
0x00007ff95fae0000 - 0x00007ff95fbd0000 	C:\WINDOWS\SYSTEM32\WINHTTP.dll
0x00007ff96ce30000 - 0x00007ff96ce97000 	C:\WINDOWS\system32\mswsock.dll
0x00007ff95cf60000 - 0x00007ff95cf72000 	C:\Program Files\Java\jdk-14.0.1\bin\nio.dll
0x00007ff960930000 - 0x00007ff960940000 	C:\Program Files\Java\jdk-14.0.1\bin\verify.dll
0x00007ff965dd0000 - 0x00007ff965dea000 	C:\Program Files\JetBrains\IntelliJ IDEA Community Edition 2020.1.3\bin\breakgen64.dll
0x00007ff95e6a0000 - 0x00007ff95e6a9000 	C:\Program Files\Java\jdk-14.0.1\bin\management.dll
0x00007ff95db50000 - 0x00007ff95db5b000 	C:\Program Files\Java\jdk-14.0.1\bin\management_ext.dll
0x00007ff959230000 - 0x00007ff959246000 	C:\WINDOWS\system32\napinsp.dll
0x00007ff959210000 - 0x00007ff95922a000 	C:\WINDOWS\system32\pnrpnsp.dll
0x00007ff96cb80000 - 0x00007ff96cc4b000 	C:\WINDOWS\SYSTEM32\DNSAPI.dll
0x00007ff96f7a0000 - 0x00007ff96f7a8000 	C:\WINDOWS\System32\NSI.dll
0x00007ff96cb40000 - 0x00007ff96cb7a000 	C:\WINDOWS\SYSTEM32\IPHLPAPI.DLL
0x00007ff959360000 - 0x00007ff95936e000 	C:\WINDOWS\System32\winrnr.dll
0x00007ff9660e0000 - 0x00007ff9660fc000 	C:\WINDOWS\system32\NLAapi.dll
0x00007ff968300000 - 0x00007ff968315000 	C:\WINDOWS\system32\wshbth.dll
0x00007ff95f460000 - 0x00007ff95f46a000 	C:\Windows\System32\rasadhlp.dll
0x00007ff960d00000 - 0x00007ff960d77000 	C:\WINDOWS\System32\fwpuclnt.dll
0x00007ff96dbe0000 - 0x00007ff96dc06000 	C:\WINDOWS\System32\bcrypt.dll
0x00007ff96c9a0000 - 0x00007ff96c9d3000 	C:\WINDOWS\system32\rsaenh.dll
0x00007ff96d550000 - 0x00007ff96d575000 	C:\WINDOWS\SYSTEM32\USERENV.dll
0x00007ff96d000000 - 0x00007ff96d00c000 	C:\WINDOWS\SYSTEM32\CRYPTBASE.dll
0x00007ff961160000 - 0x00007ff961176000 	C:\WINDOWS\SYSTEM32\dhcpcsvc6.DLL
0x00007ff9629e0000 - 0x00007ff9629fc000 	C:\WINDOWS\SYSTEM32\dhcpcsvc.DLL

dbghelp: loaded successfully - version: 4.0.5 - missing functions: none
symbol engine: initialized successfully - sym options: 0x614 - pdb path: .;C:\Program Files\Java\jdk-14.0.1\bin;C:\WINDOWS\SYSTEM32;C:\WINDOWS\WinSxS\amd64_microsoft.windows.common-controls_6595b64144ccf1df_6.0.18362.1016_none_9e7a36bbe461dae4;C:\Program Files\Java\jdk-14.0.1\bin\server;C:\Program Files\JetBrains\IntelliJ IDEA Community Edition 2020.1.3\bin

VM Arguments:
jvm_args: -javaagent:C:\Program Files\JetBrains\IntelliJ IDEA Community Edition 2020.1.3\lib\idea_rt.jar=55862:C:\Program Files\JetBrains\IntelliJ IDEA Community Edition 2020.1.3\bin -Dfile.encoding=UTF-8 
java_command: DataCollection.DataCollection
java_class_path (initial): C:\Users\dhehd\Desktop\2020Study\LOLWinningrateAnalysisProject\DataCollection\target\classes;C:\Users\dhehd\.m2\repository\org\springframework\boot\spring-boot-starter-web\2.3.1.RELEASE\spring-boot-starter-web-2.3.1.RELEASE.jar;C:\Users\dhehd\.m2\repository\org\springframework\boot\spring-boot-starter\2.3.1.RELEASE\spring-boot-starter-2.3.1.RELEASE.jar;C:\Users\dhehd\.m2\repository\org\springframework\boot\spring-boot\2.3.1.RELEASE\spring-boot-2.3.1.RELEASE.jar;C:\Users\dhehd\.m2\repository\org\springframework\boot\spring-boot-autoconfigure\2.3.1.RELEASE\spring-boot-autoconfigure-2.3.1.RELEASE.jar;C:\Users\dhehd\.m2\repository\org\springframework\boot\spring-boot-starter-logging\2.3.1.RELEASE\spring-boot-starter-logging-2.3.1.RELEASE.jar;C:\Users\dhehd\.m2\repository\ch\qos\logback\logback-classic\1.2.3\logback-classic-1.2.3.jar;C:\Users\dhehd\.m2\repository\ch\qos\logback\logback-core\1.2.3\logback-core-1.2.3.jar;C:\Users\dhehd\.m2\repository\org\apache\logging\log4j\log4j-to-slf4j\2.13.3\log4j-to-slf4j-2.13.3.jar;C:\Users\dhehd\.m2\repository\org\apache\logging\log4j\log4j-api\2.13.3\log4j-api-2.13.3.jar;C:\Users\dhehd\.m2\repository\org\slf4j\jul-to-slf4j\1.7.30\jul-to-slf4j-1.7.30.jar;C:\Users\dhehd\.m2\repository\jakarta\annotation\jakarta.annotation-api\1.3.5\jakarta.annotation-api-1.3.5.jar;C:\Users\dhehd\.m2\repository\org\yaml\snakeyaml\1.26\snakeyaml-1.26.jar;C:\Users\dhehd\.m2\repository\org\springframework\boot\spring-boot-starter-json\2.3.1.RELEASE\spring-boot-starter-json-2.3.1.RELEASE.jar;C:\Users\dhehd\.m2\repository\com\fasterxml\jackson\core\jackson-databind\2.11.0\jackson-databind-2.11.0.jar;C:\Users\dhehd\.m2\repository\com\fasterxml\jackson\core\jackson-core\2.11.0\jackson-core-2.11.0.jar;C:\Users\dhehd\.m2\repository\com\fasterxml\jackson\datatype\jackson-datatype-jdk8\2.11.0\jackson-datatype-jdk8-2.11.0.jar;C:\Users\dhehd\.m2\repository\com\fasterxml\jackson\datatype\jackson-datatype-jsr310\2.11.0\jackson-datatype-
Launcher Type: SUN_STANDARD

[Global flags]
     intx CICompilerCount                          = 3                                         {product} {ergonomic}
     uint ConcGCThreads                            = 1                                         {product} {ergonomic}
     uint G1ConcRefinementThreads                  = 4                                         {product} {ergonomic}
   size_t G1HeapRegionSize                         = 1048576                                   {product} {ergonomic}
    uintx GCDrainStackTargetSize                   = 64                                        {product} {ergonomic}
   size_t InitialHeapSize                          = 65011712                                  {product} {ergonomic}
   size_t MarkStackSize                            = 4194304                                   {product} {ergonomic}
   size_t MaxHeapSize                              = 1038090240                                {product} {ergonomic}
   size_t MaxNewSize                               = 622854144                                 {product} {ergonomic}
   size_t MinHeapDeltaBytes                        = 1048576                                   {product} {ergonomic}
   size_t MinHeapSize                              = 8388608                                   {product} {ergonomic}
    uintx NonNMethodCodeHeapSize                   = 5832780                                {pd product} {ergonomic}
    uintx NonProfiledCodeHeapSize                  = 122912730                              {pd product} {ergonomic}
    uintx ProfiledCodeHeapSize                     = 122912730                              {pd product} {ergonomic}
    uintx ReservedCodeCacheSize                    = 251658240                              {pd product} {ergonomic}
     bool SegmentedCodeCache                       = true                                      {product} {ergonomic}
   size_t SoftMaxHeapSize                          = 1038090240                             {manageable} {ergonomic}
     bool UseCompressedClassPointers               = true                                 {lp64_product} {ergonomic}
     bool UseCompressedOops                        = true                                 {lp64_product} {ergonomic}
     bool UseG1GC                                  = true                                      {product} {ergonomic}
     bool UseLargePagesIndividualAllocation        = false                                  {pd product} {ergonomic}

Logging:
Log output configuration:
 #0: stdout all=warning uptime,level,tags
 #1: stderr all=off uptime,level,tags

Environment Variables:
JAVA_HOME=C:\Program Files\Java\jdk-13.0.2
PATH=C:\Program Files (x86)\Intel\iCLS Client\;C:\Program Files\Intel\iCLS Client\;C:\WINDOWS\system32;C:\WINDOWS;C:\WINDOWS\System32\Wbem;C:\WINDOWS\System32\WindowsPowerShell\v1.0\;C:\Program Files (x86)\Intel\Intel(R) Management Engine Components\DAL;C:\Program Files\Intel\Intel(R) Management Engine Components\DAL;C:\Program Files (x86)\Intel\Intel(R) Management Engine Components\IPT;C:\Program Files\Intel\Intel(R) Management Engine Components\IPT;C:\Users\dhehd\AppData\Local\Programs\Python\Python36\scripts;C:\Program Files\Intel\WiFi\bin\;C:\Program Files\Common Files\Intel\WirelessCommon\;C:\WINDOWS\System32\OpenSSH\;C:\Program Files\Microsoft SQL Server\110\Tools\Binn\;C:\Program Files (x86)\Microsoft SDKs\TypeScript\1.0\;C:\Program Files\Microsoft SQL Server\120\Tools\Binn\;C:\Program Files\Git\cmd;"C:\Program Files\Java\jdk-13.0.2;JAVA_HOME%\bin";C:\Users\dhehd\Desktop\실전코딩1\apache-maven-3.6.3-bin;C:\apache-maven-3.6.3-bin;C:\Program Files\nodejs\;C:\Users\dhehd\anaconda3;C:\Users\dhehd\anaconda3\Library\mingw-w64\bin;C:\Users\dhehd\anaconda3\Library\usr\bin;C:\Users\dhehd\anaconda3\Library\bin;C:\Users\dhehd\anaconda3\Scripts;C:\Users\dhehd\AppData\Local\Programs\Python\Python36\Scripts\;C:\Users\dhehd\AppData\Local\Programs\Python\Python36\;C:\Program Files\Java\jdk-13.0.2\bin;C:\Program Files (x64)\Wizvera\Delfino;C:\Program Files (x64)\AMD APP\bin\x86_64;C:\Program Files (x64)\AMD APP\bin\x64;C:\WINDOWS\system32;C:\WINDOWS;C:\WINDOWS\System32\Wbem;C:\WINDOWS\System32\WindowsPowerShell\v1.0\;C:\Program Files (x64)\ATI Technologies\ATI.ACE\Core-Static;C:\Program Files\Intel\WiFi\bin\;C:\Program Files\Common Files\Intel\WirelessCommon\;C:\Program Files (x64)\Windows Kits\8.1\Windows Performance Toolkit\;C:\Program Files\Microsoft SQL Server\110\Tools\Binn\;C:\Users\dhehd\AppData\Local\Microsoft\WindowsApps;C:\Users\dhehd\AppData\Local\Programs\Microsoft VS Code\bin;C:\Users\dhehd\AppData\Local\GitHubDesktop\bin;C:\Program Files\JetBrains\PyCharm Community
USERNAME=dhehd
OS=Windows_NT
PROCESSOR_IDENTIFIER=Intel64 Family 6 Model 142 Stepping 9, GenuineIntel



---------------  S Y S T E M  ---------------

OS: Windows 10 , 64 bit Build 18362 (10.0.18362.959)
OS uptime: 17 days 14:39 hours

CPU:total 4 (initial active 4) (2 cores per cpu, 2 threads per core) family 6 model 142 stepping 9, cmov, cx8, fxsr, mmx, sse, sse2, sse3, ssse3, sse4.1, sse4.2, popcnt, avx, avx2, aes, clmul, erms, 3dnowpref, lzcnt, ht, tsc, tscinvbit, bmi1, bmi2, adx, fma

Memory: 4k page, system-wide physical 3955M (356M free)
TotalPageFile size 16243M (AvailPageFile size 45M)
current process WorkingSet (physical memory assigned to process): 163M, peak: 166M
current process commit charge ("private bytes"): 194M, peak: 199M

vm_info: Java HotSpot(TM) 64-Bit Server VM (14.0.1+7) for windows-amd64 JRE (14.0.1+7), built on Mar  5 2020 10:30:14 by "mach5one" with MS VC++ 15.9 (VS2017)

END.
