#
# There is insufficient memory for the Java Runtime Environment to continue.
# Native memory allocation (malloc) failed to allocate 1048576 bytes for AllocateHeap
# Possible reasons:
#   The system is out of physical RAM or swap space
#   The process is running with CompressedOops enabled, and the Java Heap may be blocking the growth of the native heap
# Possible solutions:
#   Reduce memory load on the system
#   Increase physical memory or swap space
#   Check if swap backing store is full
#   Decrease Java heap size (-Xmx/-Xms)
#   Decrease number of Java threads
#   Decrease Java thread stack sizes (-Xss)
#   Set larger code cache with -XX:ReservedCodeCacheSize=
#   JVM is running with Unscaled Compressed Oops mode in which the Java heap is
#     placed in the first 4GB address space. The Java Heap base address is the
#     maximum limit for the native heap growth. Please use -XX:HeapBaseMinAddress
#     to set the Java Heap base and to place the Java Heap above 4GB virtual address.
# This output file may be truncated or incomplete.
#
#  Out of Memory Error (./open/src/hotspot/share/memory/allocation.cpp:44), pid=8236, tid=2840
#
# JRE version: Java(TM) SE Runtime Environment (14.0.1+7) (build 14.0.1+7)
# Java VM: Java HotSpot(TM) 64-Bit Server VM (14.0.1+7, mixed mode, sharing, tiered, compressed oops, g1 gc, windows-amd64)
# No core dump will be written. Minidumps are not enabled by default on client versions of Windows
#

---------------  S U M M A R Y ------------

Command Line: -javaagent:C:\Program Files\JetBrains\IntelliJ IDEA Community Edition 2020.1.3\lib\idea_rt.jar=54992:C:\Program Files\JetBrains\IntelliJ IDEA Community Edition 2020.1.3\bin -Dfile.encoding=UTF-8 DataCollection.DataCollection

Host: Intel(R) Core(TM) i3-7100U CPU @ 2.40GHz, 4 cores, 3G,  Windows 10 , 64 bit Build 18362 (10.0.18362.1082)
Time: Thu Sep 10 23:44:20 2020 ´eCN¹I±¹ C￥AØ½A elapsed time: 3 seconds (0d 0h 0m 3s)

---------------  T H R E A D  ---------------

Current thread (0x000001afae5c1800):  VMThread "VM Thread" [stack: 0x0000006100100000,0x0000006100200000] [id=2840]

Stack: [0x0000006100100000,0x0000006100200000]
[error occurred during error reporting (printing stack bounds), id 0xc0000005, EXCEPTION_ACCESS_VIOLATION (0xc0000005) at pc=0x000001af9a5010ad]

Native frames: (J=compiled Java code, j=interpreted, Vv=VM code, C=native code)
V  [jvm.dll+0x5f840a]
V  [jvm.dll+0x741e4a]
V  [jvm.dll+0x7435ff]
V  [jvm.dll+0x743ba5]
V  [jvm.dll+0x743b5b]
V  [jvm.dll+0x5f793f]
V  [jvm.dll+0x5f80a8]
C  [ntdll.dll+0xa11cf]
C  [ntdll.dll+0x6a209]
C  [ntdll.dll+0x9fe3e]
C  0x000001af9a5010ad

VM_Operation (0x000000617fbf8950): CollectForMetadataAllocation, mode: safepoint, requested by thread 0x000001af905a7000


---------------  P R O C E S S  ---------------

Threads class SMR info:
_java_thread_list=0x000001afb0360560, length=12, elements={
0x000001af905a7000, 0x000001afae5c5800, 0x000001afae5c7000, 0x000001afae5e2800,
0x000001afae5e5800, 0x000001afae5e8000, 0x000001afae5e9000, 0x000001afae5f1000,
0x000001afae66c800, 0x000001afae5ad800, 0x000001afaf1c4000, 0x000001afaf1c4800
}

Java Threads: ( => current thread )
  0x000001af905a7000 JavaThread "main" [_thread_blocked, id=7512, stack(0x000000617fb00000,0x000000617fc00000)]
  0x000001afae5c5800 JavaThread "Reference Handler" daemon [_thread_blocked, id=10776, stack(0x0000006100200000,0x0000006100300000)]
  0x000001afae5c7000 JavaThread "Finalizer" daemon [_thread_blocked, id=11308, stack(0x0000006100300000,0x0000006100400000)]
  0x000001afae5e2800 JavaThread "Signal Dispatcher" daemon [_thread_blocked, id=15236, stack(0x0000006100400000,0x0000006100500000)]
  0x000001afae5e5800 JavaThread "Attach Listener" daemon [_thread_blocked, id=1172, stack(0x0000006100500000,0x0000006100600000)]
  0x000001afae5e8000 JavaThread "Service Thread" daemon [_thread_blocked, id=10824, stack(0x0000006100600000,0x0000006100700000)]
  0x000001afae5e9000 JavaThread "C2 CompilerThread0" daemon [_thread_blocked, id=3784, stack(0x0000006100700000,0x0000006100800000)]
  0x000001afae5f1000 JavaThread "C1 CompilerThread0" daemon [_thread_blocked, id=16316, stack(0x0000006100800000,0x0000006100900000)]
  0x000001afae66c800 JavaThread "Sweeper thread" daemon [_thread_blocked, id=15864, stack(0x0000006100900000,0x0000006100a00000)]
  0x000001afae5ad800 JavaThread "Common-Cleaner" daemon [_thread_blocked, id=7928, stack(0x0000006100a00000,0x0000006100b00000)]
  0x000001afaf1c4000 JavaThread "Monitor Ctrl-Break" daemon [_thread_in_native, id=3112, stack(0x0000006100c00000,0x0000006100d00000)]
  0x000001afaf1c4800 JavaThread "Notification Thread" daemon [_thread_blocked, id=4120, stack(0x0000006100d00000,0x0000006100e00000)]

Other Threads:
=>0x000001afae5c1800 VMThread "VM Thread" [stack: 0x0000006100100000,0x0000006100200000] [id=2840]
  0x000001afaf1c8000 WatcherThread [stack: 0x0000006100e00000,0x0000006100f00000] [id=10764]
  0x000001af905d9800 GCTaskThread "GC Thread#0" [stack: 0x000000617fc00000,0x000000617fd00000] [id=16652]
  0x000001afaf7d7800 GCTaskThread "GC Thread#1" [stack: 0x0000006100b00000,0x0000006100c00000] [id=17228]
  0x000001afafab5000 GCTaskThread "GC Thread#2" [stack: 0x0000006101100000,0x0000006101200000] [id=11772]
  0x000001afafa93000 GCTaskThread "GC Thread#3" [stack: 0x0000006101200000,0x0000006101300000] [id=16616]
  0x000001af905e4800 ConcurrentGCThread "G1 Main Marker" [stack: 0x000000617fd00000,0x000000617fe00000] [id=11840]
  0x000001af905e6000 ConcurrentGCThread "G1 Conc#0" [stack: 0x000000617fe00000,0x000000617ff00000] [id=14900]
  0x000001af90628800 ConcurrentGCThread "G1 Refine#0" [stack: 0x000000617ff00000,0x0000006180000000] [id=2016]
  0x000001afaf009000 ConcurrentGCThread "G1 Refine#1" [stack: 0x0000006100f00000,0x0000006101000000] [id=10972]
  0x000001af9062a000 ConcurrentGCThread "G1 Young RemSet Sampling" [stack: 0x0000006100000000,0x0000006100100000] [id=5820]

Threads with active compile tasks:

VM state:at safepoint (normal execution)

VM Mutex/Monitor currently owned by a thread:  ([mutex/lock_event])
[0x000001af905a1d90] Threads_lock - owner thread: 0x000001afae5c1800
[0x000001af905a20f0] Heap_lock - owner thread: 0x000001af905a7000

Heap address: 0x00000000c2200000, size: 990 MB, Compressed Oops mode: 32-bit
Narrow klass base: 0x0000000800000000, Narrow klass shift: 3
Compressed class space size: 1073741824 Address: 0x0000000800b30000

Heap:
 garbage-first heap   total 63488K, used 7538K [0x00000000c2200000, 0x0000000100000000)
  region size 1024K, 3 young (3072K), 3 survivors (3072K)
 Metaspace       used 14291K, capacity 14741K, committed 14848K, reserved 1071104K
  class space    used 1776K, capacity 1976K, committed 2048K, reserved 1048576K
Heap Regions: E=young(eden), S=young(survivor), O=old, HS=humongous(starts), HC=humongous(continues), CS=collection set, F=free, OA=open archive, CA=closed archive, TAMS=top-at-mark-start (previous, next)
|   0|0x00000000c2200000, 0x00000000c2300000, 0x00000000c2300000|100%| O|  |TAMS 0x00000000c2200000, 0x00000000c2300000| Untracked 
|   1|0x00000000c2300000, 0x00000000c2400000, 0x00000000c2400000|100%| O|  |TAMS 0x00000000c2300000, 0x00000000c2400000| Untracked 
|   2|0x00000000c2400000, 0x00000000c2500000, 0x00000000c2500000|100%| O|  |TAMS 0x00000000c2400000, 0x00000000c2500000| Untracked 
|   3|0x00000000c2500000, 0x00000000c2600000, 0x00000000c2600000|100%| O|  |TAMS 0x00000000c2500000, 0x00000000c2600000| Untracked 
|   4|0x00000000c2600000, 0x00000000c26e5200, 0x00000000c2700000| 89%| O|  |TAMS 0x00000000c2600000, 0x00000000c26e5200| Untracked 
|   5|0x00000000c2700000, 0x00000000c2700000, 0x00000000c2800000|  0%| F|  |TAMS 0x00000000c2700000, 0x00000000c2700000| Untracked 
|   6|0x00000000c2800000, 0x00000000c2800000, 0x00000000c2900000|  0%| F|  |TAMS 0x00000000c2800000, 0x00000000c2800000| Untracked 
|   7|0x00000000c2900000, 0x00000000c2900000, 0x00000000c2a00000|  0%| F|  |TAMS 0x00000000c2900000, 0x00000000c2900000| Untracked 
|   8|0x00000000c2a00000, 0x00000000c2a00000, 0x00000000c2b00000|  0%| F|  |TAMS 0x00000000c2a00000, 0x00000000c2a00000| Untracked 
|   9|0x00000000c2b00000, 0x00000000c2b00000, 0x00000000c2c00000|  0%| F|  |TAMS 0x00000000c2b00000, 0x00000000c2b00000| Untracked 
|  10|0x00000000c2c00000, 0x00000000c2c00000, 0x00000000c2d00000|  0%| F|  |TAMS 0x00000000c2c00000, 0x00000000c2c00000| Untracked 
|  11|0x00000000c2d00000, 0x00000000c2d00000, 0x00000000c2e00000|  0%| F|  |TAMS 0x00000000c2d00000, 0x00000000c2d00000| Untracked 
|  12|0x00000000c2e00000, 0x00000000c2e00000, 0x00000000c2f00000|  0%| F|  |TAMS 0x00000000c2e00000, 0x00000000c2e00000| Untracked 
|  13|0x00000000c2f00000, 0x00000000c2f00000, 0x00000000c3000000|  0%| F|  |TAMS 0x00000000c2f00000, 0x00000000c2f00000| Untracked 
|  14|0x00000000c3000000, 0x00000000c3000000, 0x00000000c3100000|  0%| F|  |TAMS 0x00000000c3000000, 0x00000000c3000000| Untracked 
|  15|0x00000000c3100000, 0x00000000c3100000, 0x00000000c3200000|  0%| F|  |TAMS 0x00000000c3100000, 0x00000000c3100000| Untracked 
|  16|0x00000000c3200000, 0x00000000c3200000, 0x00000000c3300000|  0%| F|  |TAMS 0x00000000c3200000, 0x00000000c3200000| Untracked 
|  17|0x00000000c3300000, 0x00000000c3300000, 0x00000000c3400000|  0%| F|  |TAMS 0x00000000c3300000, 0x00000000c3300000| Untracked 
|  18|0x00000000c3400000, 0x00000000c3400000, 0x00000000c3500000|  0%| F|  |TAMS 0x00000000c3400000, 0x00000000c3400000| Untracked 
|  19|0x00000000c3500000, 0x00000000c3500000, 0x00000000c3600000|  0%| F|  |TAMS 0x00000000c3500000, 0x00000000c3500000| Untracked 
|  20|0x00000000c3600000, 0x00000000c3600000, 0x00000000c3700000|  0%| F|  |TAMS 0x00000000c3600000, 0x00000000c3600000| Untracked 
|  21|0x00000000c3700000, 0x00000000c3700000, 0x00000000c3800000|  0%| F|  |TAMS 0x00000000c3700000, 0x00000000c3700000| Untracked 
|  22|0x00000000c3800000, 0x00000000c3800000, 0x00000000c3900000|  0%| F|  |TAMS 0x00000000c3800000, 0x00000000c3800000| Untracked 
|  23|0x00000000c3900000, 0x00000000c3900000, 0x00000000c3a00000|  0%| F|  |TAMS 0x00000000c3900000, 0x00000000c3900000| Untracked 
|  24|0x00000000c3a00000, 0x00000000c3a00000, 0x00000000c3b00000|  0%| F|  |TAMS 0x00000000c3a00000, 0x00000000c3a00000| Untracked 
|  25|0x00000000c3b00000, 0x00000000c3b00000, 0x00000000c3c00000|  0%| F|  |TAMS 0x00000000c3b00000, 0x00000000c3b00000| Untracked 
|  26|0x00000000c3c00000, 0x00000000c3c00000, 0x00000000c3d00000|  0%| F|  |TAMS 0x00000000c3c00000, 0x00000000c3c00000| Untracked 
|  27|0x00000000c3d00000, 0x00000000c3d00000, 0x00000000c3e00000|  0%| F|  |TAMS 0x00000000c3d00000, 0x00000000c3d00000| Untracked 
|  28|0x00000000c3e00000, 0x00000000c3e00000, 0x00000000c3f00000|  0%| F|  |TAMS 0x00000000c3e00000, 0x00000000c3e00000| Untracked 
|  29|0x00000000c3f00000, 0x00000000c3f00000, 0x00000000c4000000|  0%| F|  |TAMS 0x00000000c3f00000, 0x00000000c3f00000| Untracked 
|  30|0x00000000c4000000, 0x00000000c4000000, 0x00000000c4100000|  0%| F|  |TAMS 0x00000000c4000000, 0x00000000c4000000| Untracked 
|  31|0x00000000c4100000, 0x00000000c4100000, 0x00000000c4200000|  0%| F|  |TAMS 0x00000000c4100000, 0x00000000c4100000| Untracked 
|  32|0x00000000c4200000, 0x00000000c4200000, 0x00000000c4300000|  0%| F|  |TAMS 0x00000000c4200000, 0x00000000c4200000| Untracked 
|  33|0x00000000c4300000, 0x00000000c4300000, 0x00000000c4400000|  0%| F|  |TAMS 0x00000000c4300000, 0x00000000c4300000| Untracked 
|  34|0x00000000c4400000, 0x00000000c4400000, 0x00000000c4500000|  0%| F|  |TAMS 0x00000000c4400000, 0x00000000c4400000| Untracked 
|  35|0x00000000c4500000, 0x00000000c4500000, 0x00000000c4600000|  0%| F|  |TAMS 0x00000000c4500000, 0x00000000c4500000| Untracked 
|  36|0x00000000c4600000, 0x00000000c4600000, 0x00000000c4700000|  0%| F|  |TAMS 0x00000000c4600000, 0x00000000c4600000| Untracked 
|  37|0x00000000c4700000, 0x00000000c4700000, 0x00000000c4800000|  0%| F|  |TAMS 0x00000000c4700000, 0x00000000c4700000| Untracked 
|  38|0x00000000c4800000, 0x00000000c48776a0, 0x00000000c4900000| 46%| S|CS|TAMS 0x00000000c4800000, 0x00000000c4800000| Complete 
|  39|0x00000000c4900000, 0x00000000c4a00000, 0x00000000c4a00000|100%| S|CS|TAMS 0x00000000c4900000, 0x00000000c4900000| Complete 
|  40|0x00000000c4a00000, 0x00000000c4a00000, 0x00000000c4b00000|  0%| F|  |TAMS 0x00000000c4a00000, 0x00000000c4a00000| Untracked 
|  41|0x00000000c4b00000, 0x00000000c4b00000, 0x00000000c4c00000|  0%| F|  |TAMS 0x00000000c4b00000, 0x00000000c4b00000| Untracked 
|  42|0x00000000c4c00000, 0x00000000c4d00000, 0x00000000c4d00000|100%| S|CS|TAMS 0x00000000c4c00000, 0x00000000c4c00000| Complete 
|  43|0x00000000c4d00000, 0x00000000c4d00000, 0x00000000c4e00000|  0%| F|  |TAMS 0x00000000c4d00000, 0x00000000c4d00000| Untracked 
|  44|0x00000000c4e00000, 0x00000000c4e00000, 0x00000000c4f00000|  0%| F|  |TAMS 0x00000000c4e00000, 0x00000000c4e00000| Untracked 
|  45|0x00000000c4f00000, 0x00000000c4f00000, 0x00000000c5000000|  0%| F|  |TAMS 0x00000000c4f00000, 0x00000000c4f00000| Untracked 
|  46|0x00000000c5000000, 0x00000000c5000000, 0x00000000c5100000|  0%| F|  |TAMS 0x00000000c5000000, 0x00000000c5000000| Untracked 
|  47|0x00000000c5100000, 0x00000000c5100000, 0x00000000c5200000|  0%| F|  |TAMS 0x00000000c5100000, 0x00000000c5100000| Untracked 
|  48|0x00000000c5200000, 0x00000000c5200000, 0x00000000c5300000|  0%| F|  |TAMS 0x00000000c5200000, 0x00000000c5200000| Untracked 
|  49|0x00000000c5300000, 0x00000000c5300000, 0x00000000c5400000|  0%| F|  |TAMS 0x00000000c5300000, 0x00000000c5300000| Untracked 
|  50|0x00000000c5400000, 0x00000000c5400000, 0x00000000c5500000|  0%| F|  |TAMS 0x00000000c5400000, 0x00000000c5400000| Untracked 
|  51|0x00000000c5500000, 0x00000000c5500000, 0x00000000c5600000|  0%| F|  |TAMS 0x00000000c5500000, 0x00000000c5500000| Untracked 
|  52|0x00000000c5600000, 0x00000000c5600000, 0x00000000c5700000|  0%| F|  |TAMS 0x00000000c5600000, 0x00000000c5600000| Untracked 
|  53|0x00000000c5700000, 0x00000000c5700000, 0x00000000c5800000|  0%| F|  |TAMS 0x00000000c5700000, 0x00000000c5700000| Untracked 
|  54|0x00000000c5800000, 0x00000000c5800000, 0x00000000c5900000|  0%| F|  |TAMS 0x00000000c5800000, 0x00000000c5800000| Untracked 
|  55|0x00000000c5900000, 0x00000000c5900000, 0x00000000c5a00000|  0%| F|  |TAMS 0x00000000c5900000, 0x00000000c5900000| Untracked 
|  56|0x00000000c5a00000, 0x00000000c5a00000, 0x00000000c5b00000|  0%| F|  |TAMS 0x00000000c5a00000, 0x00000000c5a00000| Untracked 
|  57|0x00000000c5b00000, 0x00000000c5b00000, 0x00000000c5c00000|  0%| F|  |TAMS 0x00000000c5b00000, 0x00000000c5b00000| Untracked 
|  58|0x00000000c5c00000, 0x00000000c5c00000, 0x00000000c5d00000|  0%| F|  |TAMS 0x00000000c5c00000, 0x00000000c5c00000| Untracked 
|  59|0x00000000c5d00000, 0x00000000c5d00000, 0x00000000c5e00000|  0%| F|  |TAMS 0x00000000c5d00000, 0x00000000c5d00000| Untracked 
|  60|0x00000000c5e00000, 0x00000000c5e00000, 0x00000000c5f00000|  0%| F|  |TAMS 0x00000000c5e00000, 0x00000000c5e00000| Untracked 
|  61|0x00000000c5f00000, 0x00000000c5f00000, 0x00000000c6000000|  0%| F|  |TAMS 0x00000000c5f00000, 0x00000000c5f00000| Untracked 

Card table byte_map: [0x000001afa9d20000,0x000001afa9f10000] _byte_map_base: 0x000001afa970f000

Marking Bits (Prev, Next): (CMBitMap*) 0x000001af905dbfb8, (CMBitMap*) 0x000001af905dbff8
 Prev Bits: [0x000001afaa100000, 0x000001afab078000)
 Next Bits: [0x000001afab080000, 0x000001afabff8000)

Polling page: 0x000001af90430000

Metaspace:

Usage:
  Non-class:     12.47 MB capacity,    12.22 MB ( 98%) used,   206.34 KB (  2%) free+waste,    43.69 KB ( <1%) overhead. 
      Class:      1.93 MB capacity,     1.73 MB ( 90%) used,   176.55 KB (  9%) free+waste,    23.31 KB (  1%) overhead. 
       Both:     14.40 MB capacity,    13.96 MB ( 97%) used,   382.90 KB (  3%) free+waste,    67.00 KB ( <1%) overhead. 

Virtual space:
  Non-class space:       22.00 MB reserved,      12.50 MB ( 57%) committed 
      Class space:        1.00 GB reserved,       2.00 MB ( <1%) committed 
             Both:        1.02 GB reserved,      14.50 MB (  1%) committed 

Chunk freelists:
   Non-Class:  35.00 KB
       Class:  8.00 KB
        Both:  43.00 KB

MaxMetaspaceSize: 17179869184.00 GB
CompressedClassSpaceSize: 1.00 GB

CodeHeap 'non-profiled nmethods': size=120000Kb used=616Kb max_used=616Kb free=119383Kb
 bounds [0x000001afa1fd0000, 0x000001afa2240000, 0x000001afa9500000]
CodeHeap 'profiled nmethods': size=120000Kb used=3196Kb max_used=3196Kb free=116804Kb
 bounds [0x000001af9aaa0000, 0x000001af9adc0000, 0x000001afa1fd0000]
CodeHeap 'non-nmethods': size=5760Kb used=1202Kb max_used=1239Kb free=4557Kb
 bounds [0x000001af9a500000, 0x000001af9a770000, 0x000001af9aaa0000]
 total_blobs=2764 nmethods=1657 adapters=377
 compilation: enabled
              stopped_count=0, restarted_count=0
 full_count=0

Compilation events (20 events):
Event: 3.062 Thread 0x000001afae5f1000 1649       3       org.springframework.util.AntPathMatcher::matchStrings (11 bytes)
Event: 3.062 Thread 0x000001afae5f1000 nmethod 1649 0x000001af9adb9910 code [0x000001af9adb9ac0, 0x000001af9adb9c78]
Event: 3.062 Thread 0x000001afae5f1000 1650       3       org.springframework.util.AntPathMatcher::getStringMatcher (98 bytes)
Event: 3.063 Thread 0x000001afae5f1000 nmethod 1650 0x000001af9adb9d90 code [0x000001af9adb9fc0, 0x000001af9adbaa58]
Event: 3.063 Thread 0x000001afae5f1000 1651       3       org.springframework.util.AntPathMatcher$AntPathStringMatcher::matchStrings (130 bytes)
Event: 3.064 Thread 0x000001afae5e9000 1653       4       jdk.internal.misc.Unsafe::allocateUninitializedArray (55 bytes)
Event: 3.065 Thread 0x000001afae5f1000 nmethod 1651 0x000001af9adbad10 code [0x000001af9adbb020, 0x000001af9adbc1c8]
Event: 3.065 Thread 0x000001afae5f1000 1652       3       java.lang.Character::codePointBefore (48 bytes)
Event: 3.065 Thread 0x000001afae5f1000 nmethod 1652 0x000001af9adbc890 code [0x000001af9adbca60, 0x000001af9adbd018]
Event: 3.065 Thread 0x000001afae5f1000 1647       3       java.util.ArrayList::isEmpty (13 bytes)
Event: 3.066 Thread 0x000001afae5f1000 nmethod 1647 0x000001af9adbd190 code [0x000001af9adbd320, 0x000001af9adbd498]
Event: 3.066 Thread 0x000001afae5e9000 nmethod 1653 0x000001afa2069e10 code [0x000001afa2069fc0, 0x000001afa206a1d8]
Event: 3.066 Thread 0x000001afae5f1000 1654       3       java.util.LinkedList::add (32 bytes)
Event: 3.067 Thread 0x000001afae5f1000 nmethod 1654 0x000001af9adbd510 code [0x000001af9adbd720, 0x000001af9adbdc48]
Event: 3.067 Thread 0x000001afae5f1000 1655       3       java.util.LinkedList::node (65 bytes)
Event: 3.068 Thread 0x000001afae5f1000 nmethod 1655 0x000001af9adbde10 code [0x000001af9adbdfc0, 0x000001af9adbe298]
Event: 3.068 Thread 0x000001afae5f1000 1656       3       java.util.LinkedList::linkBefore (63 bytes)
Event: 3.068 Thread 0x000001afae5f1000 nmethod 1656 0x000001af9adbe410 code [0x000001af9adbe5e0, 0x000001af9adbeab8]
Event: 3.069 Thread 0x000001afae5f1000 1657       3       java.util.LinkedHashMap$LinkedKeyIterator::next (8 bytes)
Event: 3.069 Thread 0x000001afae5f1000 nmethod 1657 0x000001af9adbec10 code [0x000001af9adbedc0, 0x000001af9adbef28]

GC Heap History (8 events):
Event: 1.071 GC heap before
{Heap before GC invocations=0 (full 0):
 garbage-first heap   total 63488K, used 12288K [0x00000000c2200000, 0x0000000100000000)
  region size 1024K, 13 young (13312K), 0 survivors (0K)
 Metaspace       used 3116K, capacity 5773K, committed 6016K, reserved 1056768K
  class space    used 315K, capacity 564K, committed 640K, reserved 1048576K
}
Event: 1.082 GC heap after
{Heap after GC invocations=1 (full 0):
 garbage-first heap   total 63488K, used 4943K [0x00000000c2200000, 0x0000000100000000)
  region size 1024K, 2 young (2048K), 2 survivors (2048K)
 Metaspace       used 3116K, capacity 5773K, committed 6016K, reserved 1056768K
  class space    used 315K, capacity 564K, committed 640K, reserved 1048576K
}
Event: 1.534 GC heap before
{Heap before GC invocations=1 (full 0):
 garbage-first heap   total 63488K, used 17231K [0x00000000c2200000, 0x0000000100000000)
  region size 1024K, 14 young (14336K), 2 survivors (2048K)
 Metaspace       used 5932K, capacity 7523K, committed 7808K, reserved 1056768K
  class space    used 675K, capacity 855K, committed 896K, reserved 1048576K
}
Event: 1.539 GC heap after
{Heap after GC invocations=2 (full 0):
 garbage-first heap   total 63488K, used 6023K [0x00000000c2200000, 0x0000000100000000)
  region size 1024K, 1 young (1024K), 1 survivors (1024K)
 Metaspace       used 5932K, capacity 7523K, committed 7808K, reserved 1056768K
  class space    used 675K, capacity 855K, committed 896K, reserved 1048576K
}
Event: 2.057 GC heap before
{Heap before GC invocations=2 (full 0):
 garbage-first heap   total 63488K, used 25479K [0x00000000c2200000, 0x0000000100000000)
  region size 1024K, 20 young (20480K), 1 survivors (1024K)
 Metaspace       used 10483K, capacity 11427K, committed 11648K, reserved 1058816K
  class space    used 1245K, capacity 1399K, committed 1408K, reserved 1048576K
}
Event: 2.061 GC heap after
{Heap after GC invocations=3 (full 0):
 garbage-first heap   total 63488K, used 6743K [0x00000000c2200000, 0x0000000100000000)
  region size 1024K, 2 young (2048K), 2 survivors (2048K)
 Metaspace       used 10483K, capacity 11427K, committed 11648K, reserved 1058816K
  class space    used 1245K, capacity 1399K, committed 1408K, reserved 1048576K
}
Event: 3.071 GC heap before
{Heap before GC invocations=3 (full 0):
 garbage-first heap   total 63488K, used 25175K [0x00000000c2200000, 0x0000000100000000)
  region size 1024K, 21 young (21504K), 2 survivors (2048K)
 Metaspace       used 14291K, capacity 14741K, committed 14848K, reserved 1069056K
  class space    used 1776K, capacity 1976K, committed 2048K, reserved 1048576K
}
Event: 3.077 GC heap after
{Heap after GC invocations=4 (full 0):
 garbage-first heap   total 63488K, used 7538K [0x00000000c2200000, 0x0000000100000000)
  region size 1024K, 3 young (3072K), 3 survivors (3072K)
 Metaspace       used 14291K, capacity 14741K, committed 14848K, reserved 1069056K
  class space    used 1776K, capacity 1976K, committed 2048K, reserved 1048576K
}

Deoptimization events (20 events):
Event: 2.809 Thread 0x000001af905a7000 Uncommon trap: trap_request=0xffffffde fr.pc=0x000001afa2010804 relative=0x0000000000000404
Event: 2.809 Thread 0x000001af905a7000 Uncommon trap: reason=class_check action=maybe_recompile pc=0x000001afa2010804 method=java.util.HashMap.getNode(ILjava/lang/Object;)Ljava/util/HashMap$Node; @ 126 c2
Event: 2.809 Thread 0x000001af905a7000 DEOPT PACKING pc=0x000001afa2010804 sp=0x000000617fbfe490
Event: 2.809 Thread 0x000001af905a7000 DEOPT UNPACKING pc=0x000001af9a54912f sp=0x000000617fbfe408 mode 2
Event: 2.822 Thread 0x000001af905a7000 Uncommon trap: trap_request=0xffffff45 fr.pc=0x000001afa1ff6fd0 relative=0x00000000000001f0
Event: 2.822 Thread 0x000001af905a7000 Uncommon trap: reason=unstable_if action=reinterpret pc=0x000001afa1ff6fd0 method=java.lang.String.startsWith(Ljava/lang/String;I)Z @ 1 c2
Event: 2.822 Thread 0x000001af905a7000 DEOPT PACKING pc=0x000001afa1ff6fd0 sp=0x000000617fbfe310
Event: 2.822 Thread 0x000001af905a7000 DEOPT UNPACKING pc=0x000001af9a54912f sp=0x000000617fbfe278 mode 2
Event: 2.829 Thread 0x000001af905a7000 Uncommon trap: trap_request=0xffffff45 fr.pc=0x000001afa203a7b0 relative=0x00000000000002b0
Event: 2.829 Thread 0x000001af905a7000 Uncommon trap: reason=unstable_if action=reinterpret pc=0x000001afa203a7b0 method=java.util.concurrent.ConcurrentHashMap.get(Ljava/lang/Object;)Ljava/lang/Object; @ 76 c2
Event: 2.829 Thread 0x000001af905a7000 DEOPT PACKING pc=0x000001afa203a7b0 sp=0x000000617fbfd590
Event: 2.829 Thread 0x000001af905a7000 DEOPT UNPACKING pc=0x000001af9a54912f sp=0x000000617fbfd508 mode 2
Event: 3.031 Thread 0x000001af905a7000 Uncommon trap: trap_request=0xffffff45 fr.pc=0x000001afa2026544 relative=0x0000000000000544
Event: 3.031 Thread 0x000001af905a7000 Uncommon trap: reason=unstable_if action=reinterpret pc=0x000001afa2026544 method=java.io.WinNTFileSystem.normalize(Ljava/lang/String;)Ljava/lang/String; @ 128 c2
Event: 3.031 Thread 0x000001af905a7000 DEOPT PACKING pc=0x000001afa2026544 sp=0x000000617fbfe2a0
Event: 3.031 Thread 0x000001af905a7000 DEOPT UNPACKING pc=0x000001af9a54912f sp=0x000000617fbfe218 mode 2
Event: 3.032 Thread 0x000001af905a7000 Uncommon trap: trap_request=0xffffff45 fr.pc=0x000001afa1ff4e88 relative=0x0000000000000b28
Event: 3.032 Thread 0x000001af905a7000 Uncommon trap: reason=unstable_if action=reinterpret pc=0x000001afa1ff4e88 method=java.util.zip.ZipFile$Source.getEntryPos([BZ)I @ 157 c2
Event: 3.032 Thread 0x000001af905a7000 DEOPT PACKING pc=0x000001afa1ff4e88 sp=0x000000617fbfe340
Event: 3.032 Thread 0x000001af905a7000 DEOPT UNPACKING pc=0x000001af9a54912f sp=0x000000617fbfe2e0 mode 2

Classes unloaded (0 events):
No events

Classes redefined (0 events):
No events

Internal exceptions (20 events):
Event: 2.172 Thread 0x000001afaf7a8800 Exception <a 'java/lang/NoSuchMethodError'{0x00000000c5af68a0}: 'long java.lang.invoke.DirectMethodHandle$Holder.invokeStaticInit(java.lang.Object, java.lang.Object)'> (0x00000000c5af68a0) 
thrown [./open/src/hotspot/share/interpreter/linkResolver.cpp, line 766]
Event: 2.192 Thread 0x000001afaf7a8800 Exception <a 'java/lang/NoSuchMethodError'{0x00000000c59e5dc0}: 'long java.lang.invoke.DirectMethodHandle$Holder.invokeInterface(java.lang.Object, java.lang.Object)'> (0x00000000c59e5dc0) 
thrown [./open/src/hotspot/share/interpreter/linkResolver.cpp, line 766]
Event: 2.192 Thread 0x000001afaf7a8800 Exception <a 'java/lang/IncompatibleClassChangeError'{0x00000000c59e88e8}: Found class java.lang.Object, but interface was expected> (0x00000000c59e88e8) 
thrown [./open/src/hotspot/share/interpreter/linkResolver.cpp, line 832]
Event: 2.217 Thread 0x000001afaf7a8800 Exception <a 'java/lang/NoSuchMethodError'{0x00000000c58e2510}: 'java.lang.Object java.lang.invoke.DirectMethodHandle$Holder.invokeVirtual(java.lang.Object, java.lang.Object, java.lang.Object, java.lang.Object)'> (0x00000000c58e2510) 
thrown [./open/src/hotspot/share/interpreter/linkResolver.cpp, line 766]
Event: 2.303 Thread 0x000001af905a7000 Exception <a 'java/lang/NoClassDefFoundError'{0x00000000c5637bb0}: javax/validation/ValidationException> (0x00000000c5637bb0) 
thrown [./open/src/hotspot/share/classfile/systemDictionary.cpp, line 215]
Event: 2.317 Thread 0x000001af905a7000 Exception <a 'java/lang/NoClassDefFoundError'{0x00000000c56a67f8}: org/springframework/jdbc/CannotGetJdbcConnectionException> (0x00000000c56a67f8) 
thrown [./open/src/hotspot/share/classfile/systemDictionary.cpp, line 215]
Event: 2.393 Thread 0x000001af905a7000 Exception <a 'java/lang/NoSuchMethodError'{0x00000000c5547a90}: 'org.slf4j.impl.StaticMDCBinder org.slf4j.impl.StaticMDCBinder.getSingleton()'> (0x00000000c5547a90) 
thrown [./open/src/hotspot/share/interpreter/linkResolver.cpp, line 766]
Event: 2.814 Thread 0x000001af905a7000 Exception <a 'java/lang/ClassNotFoundException'{0x00000000c50aba20}: java/lang/ObjectCustomizer> (0x00000000c50aba20) 
thrown [./open/src/hotspot/share/classfile/systemDictionary.cpp, line 226]
Event: 2.818 Thread 0x000001af905a7000 Exception <a 'java/lang/IncompatibleClassChangeError'{0x00000000c50b0a30}: Found class java.lang.Object, but interface was expected> (0x00000000c50b0a30) 
thrown [./open/src/hotspot/share/interpreter/linkResolver.cpp, line 832]
Event: 2.834 Thread 0x000001af905a7000 Exception <a 'java/lang/ClassNotFoundException'{0x00000000c50e37b0}: org/springframework/context/annotation/ConfigurationClassPostProcessorCustomizer> (0x00000000c50e37b0) 
thrown [./open/src/hotspot/share/classfile/systemDictionary.cpp, line 226]
Event: 2.851 Thread 0x000001af905a7000 Exception <a 'java/lang/ClassNotFoundException'{0x00000000c4f55258}: org/springframework/beans/factory/support/BeanDefinitionRegistryPostProcessorCustomizer> (0x00000000c4f55258) 
thrown [./open/src/hotspot/share/classfile/systemDictionary.cpp, line 226]
Event: 2.852 Thread 0x000001af905a7000 Exception <a 'java/lang/ClassNotFoundException'{0x00000000c4f62af0}: org/springframework/beans/factory/config/BeanFactoryPostProcessorCustomizer> (0x00000000c4f62af0) 
thrown [./open/src/hotspot/share/classfile/systemDictionary.cpp, line 226]
Event: 2.855 Thread 0x000001af905a7000 Exception <a 'java/lang/ClassNotFoundException'{0x00000000c4f6e2f8}: org/springframework/core/PriorityOrderedCustomizer> (0x00000000c4f6e2f8) 
thrown [./open/src/hotspot/share/classfile/systemDictionary.cpp, line 226]
Event: 2.857 Thread 0x000001af905a7000 Exception <a 'java/lang/ClassNotFoundException'{0x00000000c4f78058}: org/springframework/core/OrderedCustomizer> (0x00000000c4f78058) 
thrown [./open/src/hotspot/share/classfile/systemDictionary.cpp, line 226]
Event: 2.886 Thread 0x000001af905a7000 Exception <a 'java/lang/ClassNotFoundException'{0x00000000c4f83c40}: org/springframework/context/ResourceLoaderAwareCustomizer> (0x00000000c4f83c40) 
thrown [./open/src/hotspot/share/classfile/systemDictionary.cpp, line 226]
Event: 2.918 Thread 0x000001af905a7000 Exception <a 'java/lang/ClassNotFoundException'{0x00000000c4f8f3c8}: org/springframework/beans/factory/AwareCustomizer> (0x00000000c4f8f3c8) 
thrown [./open/src/hotspot/share/classfile/systemDictionary.cpp, line 226]
Event: 2.919 Thread 0x000001af905a7000 Exception <a 'java/lang/ClassNotFoundException'{0x00000000c4f9aad8}: org/springframework/beans/factory/BeanClassLoaderAwareCustomizer> (0x00000000c4f9aad8) 
thrown [./open/src/hotspot/share/classfile/systemDictionary.cpp, line 226]
Event: 2.925 Thread 0x000001af905a7000 Exception <a 'java/lang/ClassNotFoundException'{0x00000000c4fa5ec0}: org/springframework/beans/factory/AwareCustomizer> (0x00000000c4fa5ec0) 
thrown [./open/src/hotspot/share/classfile/systemDictionary.cpp, line 226]
Event: 2.929 Thread 0x000001af905a7000 Exception <a 'java/lang/ClassNotFoundException'{0x00000000c4fb09f0}: org/springframework/context/EnvironmentAwareCustomizer> (0x00000000c4fb09f0) 
thrown [./open/src/hotspot/share/classfile/systemDictionary.cpp, line 226]
Event: 2.959 Thread 0x000001af905a7000 Exception <a 'java/lang/ClassNotFoundException'{0x00000000c4fbbd28}: org/springframework/beans/factory/AwareCustomizer> (0x00000000c4fbbd28) 
thrown [./open/src/hotspot/share/classfile/systemDictionary.cpp, line 226]

Events (20 events):
Event: 2.832 loading class java/util/Collections$UnmodifiableMap$UnmodifiableEntrySet$1 done
Event: 2.832 loading class com/sun/beans/introspect/PropertyInfo$Name
Event: 2.832 loading class com/sun/beans/introspect/PropertyInfo$Name done
Event: 2.833 loading class java/beans/GenericBeanInfo
Event: 2.833 loading class java/beans/SimpleBeanInfo
Event: 2.833 loading class java/beans/SimpleBeanInfo done
Event: 2.833 loading class java/beans/GenericBeanInfo done
Event: 2.835 loading class java/util/Hashtable$EntrySet
Event: 2.835 loading class java/util/Hashtable$EntrySet done
Event: 3.015 Executing VM operation: HandshakeAllThreads
Event: 3.015 Executing VM operation: HandshakeAllThreads done
Event: 3.038 loading class java/util/regex/Pattern$LazyLoop
Event: 3.038 loading class java/util/regex/Pattern$Loop
Event: 3.038 loading class java/util/regex/Pattern$Loop done
Event: 3.038 loading class java/util/regex/Pattern$LazyLoop done
Event: 3.038 loading class java/util/regex/Pattern$Prolog
Event: 3.038 loading class java/util/regex/Pattern$Prolog done
Event: 3.038 loading class java/util/regex/Pattern$SliceS
Event: 3.038 loading class java/util/regex/Pattern$SliceS done
Event: 3.071 Executing VM operation: CollectForMetadataAllocation


Dynamic libraries:
0x00007ff7dfbc0000 - 0x00007ff7dfbcf000 	C:\Program Files\Java\jdk-14.0.1\bin\java.exe
0x00007ffe6eb40000 - 0x00007ffe6ed30000 	C:\WINDOWS\SYSTEM32\ntdll.dll
0x00007ffe6cc50000 - 0x00007ffe6cd02000 	C:\WINDOWS\System32\KERNEL32.DLL
0x00007ffe6bd80000 - 0x00007ffe6c025000 	C:\WINDOWS\System32\KERNELBASE.dll
0x00007ffe6c030000 - 0x00007ffe6c12a000 	C:\WINDOWS\System32\ucrtbase.dll
0x00007ffe63360000 - 0x00007ffe63378000 	C:\Program Files\Java\jdk-14.0.1\bin\jli.dll
0x00007ffe6d0f0000 - 0x00007ffe6d193000 	C:\WINDOWS\System32\ADVAPI32.dll
0x00007ffe6e260000 - 0x00007ffe6e2fe000 	C:\WINDOWS\System32\msvcrt.dll
0x00007ffe6e710000 - 0x00007ffe6e7a7000 	C:\WINDOWS\System32\sechost.dll
0x00007ffe6e5e0000 - 0x00007ffe6e700000 	C:\WINDOWS\System32\RPCRT4.dll
0x00007ffe6ce70000 - 0x00007ffe6d005000 	C:\WINDOWS\System32\USER32.dll
0x00007ffe6c150000 - 0x00007ffe6c171000 	C:\WINDOWS\System32\win32u.dll
0x00007ffe6e500000 - 0x00007ffe6e526000 	C:\WINDOWS\System32\GDI32.dll
0x00007ffe6c180000 - 0x00007ffe6c316000 	C:\WINDOWS\System32\gdi32full.dll
0x00007ffe6bad0000 - 0x00007ffe6bb6e000 	C:\WINDOWS\System32\msvcp_win.dll
0x00007ffe61450000 - 0x00007ffe61465000 	C:\Program Files\Java\jdk-14.0.1\bin\VCRUNTIME140.dll
0x00007ffe5ca00000 - 0x00007ffe5cc84000 	C:\WINDOWS\WinSxS\amd64_microsoft.windows.common-controls_6595b64144ccf1df_6.0.18362.1082_none_9e8193e1e45b25c1\COMCTL32.dll
0x00007ffe6d1c0000 - 0x00007ffe6d4f5000 	C:\WINDOWS\System32\combase.dll
0x00007ffe6bc00000 - 0x00007ffe6bc80000 	C:\WINDOWS\System32\bcryptPrimitives.dll
0x00007ffe63490000 - 0x00007ffe6349a000 	C:\WINDOWS\SYSTEM32\VERSION.dll
0x00007ffe6d590000 - 0x00007ffe6d5be000 	C:\WINDOWS\System32\IMM32.DLL
0x00007ffe55ce0000 - 0x00007ffe55d7b000 	C:\Program Files\Java\jdk-14.0.1\bin\msvcp140.dll
0x00007ffe37c90000 - 0x00007ffe387ae000 	C:\Program Files\Java\jdk-14.0.1\bin\server\jvm.dll
0x00007ffe6e700000 - 0x00007ffe6e708000 	C:\WINDOWS\System32\PSAPI.DLL
0x00007ffe5e640000 - 0x00007ffe5e649000 	C:\WINDOWS\SYSTEM32\WSOCK32.dll
0x00007ffe6d5c0000 - 0x00007ffe6d62f000 	C:\WINDOWS\System32\WS2_32.dll
0x00007ffe616b0000 - 0x00007ffe616d4000 	C:\WINDOWS\SYSTEM32\WINMM.dll
0x00007ffe61680000 - 0x00007ffe616ad000 	C:\WINDOWS\SYSTEM32\WINMMBASE.dll
0x00007ffe6bc80000 - 0x00007ffe6bcca000 	C:\WINDOWS\System32\cfgmgr32.dll
0x00007ffe6bab0000 - 0x00007ffe6bac1000 	C:\WINDOWS\System32\kernel.appcore.dll
0x00007ffe633e0000 - 0x00007ffe633ea000 	C:\Program Files\Java\jdk-14.0.1\bin\jimage.dll
0x00007ffe6a2c0000 - 0x00007ffe6a4b4000 	C:\WINDOWS\SYSTEM32\DBGHELP.DLL
0x00007ffe63fa0000 - 0x00007ffe63fca000 	C:\WINDOWS\SYSTEM32\dbgcore.DLL
0x00007ffe64fe0000 - 0x00007ffe64fee000 	C:\Program Files\Java\jdk-14.0.1\bin\instrument.dll
0x00007ffe5fbd0000 - 0x00007ffe5fbf5000 	C:\Program Files\Java\jdk-14.0.1\bin\java.dll
0x00007ffe5fbb0000 - 0x00007ffe5fbc6000 	C:\Program Files\Java\jdk-14.0.1\bin\zip.dll
0x00007ffe6d630000 - 0x00007ffe6dd17000 	C:\WINDOWS\System32\SHELL32.dll
0x00007ffe6e530000 - 0x00007ffe6e5d9000 	C:\WINDOWS\System32\shcore.dll
0x00007ffe6c470000 - 0x00007ffe6cbf0000 	C:\WINDOWS\System32\windows.storage.dll
0x00007ffe6ba60000 - 0x00007ffe6ba83000 	C:\WINDOWS\System32\profapi.dll
0x00007ffe6ba10000 - 0x00007ffe6ba5a000 	C:\WINDOWS\System32\powrprof.dll
0x00007ffe6ba00000 - 0x00007ffe6ba10000 	C:\WINDOWS\System32\UMPDC.dll
0x00007ffe6d010000 - 0x00007ffe6d062000 	C:\WINDOWS\System32\shlwapi.dll
0x00007ffe6c130000 - 0x00007ffe6c147000 	C:\WINDOWS\System32\cryptsp.dll
0x00007ffe5fb90000 - 0x00007ffe5fba9000 	C:\Program Files\Java\jdk-14.0.1\bin\net.dll
0x00007ffe62290000 - 0x00007ffe62380000 	C:\WINDOWS\SYSTEM32\WINHTTP.dll
0x00007ffe6b1f0000 - 0x00007ffe6b257000 	C:\WINDOWS\system32\mswsock.dll
0x00007ffe5fb50000 - 0x00007ffe5fb62000 	C:\Program Files\Java\jdk-14.0.1\bin\nio.dll
0x00007ffe630b0000 - 0x00007ffe630c0000 	C:\Program Files\Java\jdk-14.0.1\bin\verify.dll
0x00007ffe5f480000 - 0x00007ffe5f49a000 	C:\Program Files\JetBrains\IntelliJ IDEA Community Edition 2020.1.3\bin\breakgen64.dll
0x00007ffe61440000 - 0x00007ffe61449000 	C:\Program Files\Java\jdk-14.0.1\bin\management.dll
0x00007ffe5f4b0000 - 0x00007ffe5f4bb000 	C:\Program Files\Java\jdk-14.0.1\bin\management_ext.dll
0x00007ffe5bcb0000 - 0x00007ffe5bcc6000 	C:\WINDOWS\system32\napinsp.dll
0x00007ffe5bc90000 - 0x00007ffe5bcaa000 	C:\WINDOWS\system32\pnrpnsp.dll
0x00007ffe6af40000 - 0x00007ffe6b00b000 	C:\WINDOWS\SYSTEM32\DNSAPI.dll
0x00007ffe6e3d0000 - 0x00007ffe6e3d8000 	C:\WINDOWS\System32\NSI.dll
0x00007ffe6af00000 - 0x00007ffe6af3a000 	C:\WINDOWS\SYSTEM32\IPHLPAPI.DLL
0x00007ffe5e310000 - 0x00007ffe5e31e000 	C:\WINDOWS\System32\winrnr.dll
0x00007ffe659d0000 - 0x00007ffe659ec000 	C:\WINDOWS\system32\NLAapi.dll
0x00007ffe66db0000 - 0x00007ffe66dc5000 	C:\WINDOWS\system32\wshbth.dll
0x00007ffe61670000 - 0x00007ffe6167a000 	C:\Windows\System32\rasadhlp.dll
0x00007ffe62460000 - 0x00007ffe624d7000 	C:\WINDOWS\System32\fwpuclnt.dll
0x00007ffe6bb70000 - 0x00007ffe6bb96000 	C:\WINDOWS\System32\bcrypt.dll

dbghelp: loaded successfully - version: 4.0.5 - missing functions: none
symbol engine: initialized successfully - sym options: 0x614 - pdb path: .;C:\Program Files\Java\jdk-14.0.1\bin;C:\WINDOWS\SYSTEM32;C:\WINDOWS\WinSxS\amd64_microsoft.windows.common-controls_6595b64144ccf1df_6.0.18362.1082_none_9e8193e1e45b25c1;C:\Program Files\Java\jdk-14.0.1\bin\server;C:\Program Files\JetBrains\IntelliJ IDEA Community Edition 2020.1.3\bin

VM Arguments:
jvm_args: -javaagent:C:\Program Files\JetBrains\IntelliJ IDEA Community Edition 2020.1.3\lib\idea_rt.jar=54992:C:\Program Files\JetBrains\IntelliJ IDEA Community Edition 2020.1.3\bin -Dfile.encoding=UTF-8 
java_command: DataCollection.DataCollection
java_class_path (initial): C:\Users\dhehd\Desktop\2020Study\LOLWinningrateAnalysisProject\DataCollection\target\classes;C:\Users\dhehd\.m2\repository\org\springframework\boot\spring-boot-starter-web\2.3.1.RELEASE\spring-boot-starter-web-2.3.1.RELEASE.jar;C:\Users\dhehd\.m2\repository\org\springframework\boot\spring-boot-starter\2.3.1.RELEASE\spring-boot-starter-2.3.1.RELEASE.jar;C:\Users\dhehd\.m2\repository\org\springframework\boot\spring-boot\2.3.1.RELEASE\spring-boot-2.3.1.RELEASE.jar;C:\Users\dhehd\.m2\repository\org\springframework\boot\spring-boot-autoconfigure\2.3.1.RELEASE\spring-boot-autoconfigure-2.3.1.RELEASE.jar;C:\Users\dhehd\.m2\repository\org\springframework\boot\spring-boot-starter-logging\2.3.1.RELEASE\spring-boot-starter-logging-2.3.1.RELEASE.jar;C:\Users\dhehd\.m2\repository\ch\qos\logback\logback-classic\1.2.3\logback-classic-1.2.3.jar;C:\Users\dhehd\.m2\repository\ch\qos\logback\logback-core\1.2.3\logback-core-1.2.3.jar;C:\Users\dhehd\.m2\repository\org\apache\logging\log4j\log4j-to-slf4j\2.13.3\log4j-to-slf4j-2.13.3.jar;C:\Users\dhehd\.m2\repository\org\apache\logging\log4j\log4j-api\2.13.3\log4j-api-2.13.3.jar;C:\Users\dhehd\.m2\repository\org\slf4j\jul-to-slf4j\1.7.30\jul-to-slf4j-1.7.30.jar;C:\Users\dhehd\.m2\repository\jakarta\annotation\jakarta.annotation-api\1.3.5\jakarta.annotation-api-1.3.5.jar;C:\Users\dhehd\.m2\repository\org\yaml\snakeyaml\1.26\snakeyaml-1.26.jar;C:\Users\dhehd\.m2\repository\org\springframework\boot\spring-boot-starter-json\2.3.1.RELEASE\spring-boot-starter-json-2.3.1.RELEASE.jar;C:\Users\dhehd\.m2\repository\com\fasterxml\jackson\core\jackson-databind\2.11.0\jackson-databind-2.11.0.jar;C:\Users\dhehd\.m2\repository\com\fasterxml\jackson\core\jackson-core\2.11.0\jackson-core-2.11.0.jar;C:\Users\dhehd\.m2\repository\com\fasterxml\jackson\datatype\jackson-datatype-jdk8\2.11.0\jackson-datatype-jdk8-2.11.0.jar;C:\Users\dhehd\.m2\repository\com\fasterxml\jackson\datatype\jackson-datatype-jsr310\2.11.0\jackson-datatype-
Launcher Type: SUN_STANDARD

[Global flags]
     intx CICompilerCount                          = 3                                         {product} {ergonomic}
     uint ConcGCThreads                            = 1                                         {product} {ergonomic}
     uint G1ConcRefinementThreads                  = 4                                         {product} {ergonomic}
   size_t G1HeapRegionSize                         = 1048576                                   {product} {ergonomic}
    uintx GCDrainStackTargetSize                   = 64                                        {product} {ergonomic}
   size_t InitialHeapSize                          = 65011712                                  {product} {ergonomic}
   size_t MarkStackSize                            = 4194304                                   {product} {ergonomic}
   size_t MaxHeapSize                              = 1038090240                                {product} {ergonomic}
   size_t MaxNewSize                               = 622854144                                 {product} {ergonomic}
   size_t MinHeapDeltaBytes                        = 1048576                                   {product} {ergonomic}
   size_t MinHeapSize                              = 8388608                                   {product} {ergonomic}
    uintx NonNMethodCodeHeapSize                   = 5832780                                {pd product} {ergonomic}
    uintx NonProfiledCodeHeapSize                  = 122912730                              {pd product} {ergonomic}
    uintx ProfiledCodeHeapSize                     = 122912730                              {pd product} {ergonomic}
    uintx ReservedCodeCacheSize                    = 251658240                              {pd product} {ergonomic}
     bool SegmentedCodeCache                       = true                                      {product} {ergonomic}
   size_t SoftMaxHeapSize                          = 1038090240                             {manageable} {ergonomic}
     bool UseCompressedClassPointers               = true                                 {lp64_product} {ergonomic}
     bool UseCompressedOops                        = true                                 {lp64_product} {ergonomic}
     bool UseG1GC                                  = true                                      {product} {ergonomic}
     bool UseLargePagesIndividualAllocation        = false                                  {pd product} {ergonomic}

Logging:
Log output configuration:
 #0: stdout all=warning uptime,level,tags
 #1: stderr all=off uptime,level,tags

Environment Variables:
JAVA_HOME=C:\Program Files\Java\jdk-13.0.2
PATH=C:\Program Files (x86)\Intel\iCLS Client\;C:\Program Files\Intel\iCLS Client\;C:\WINDOWS\system32;C:\WINDOWS;C:\WINDOWS\System32\Wbem;C:\WINDOWS\System32\WindowsPowerShell\v1.0\;C:\Program Files (x86)\Intel\Intel(R) Management Engine Components\DAL;C:\Program Files\Intel\Intel(R) Management Engine Components\DAL;C:\Program Files (x86)\Intel\Intel(R) Management Engine Components\IPT;C:\Program Files\Intel\Intel(R) Management Engine Components\IPT;C:\Users\dhehd\AppData\Local\Programs\Python\Python36\scripts;C:\Program Files\Intel\WiFi\bin\;C:\Program Files\Common Files\Intel\WirelessCommon\;C:\WINDOWS\System32\OpenSSH\;C:\Program Files\Microsoft SQL Server\110\Tools\Binn\;C:\Program Files (x86)\Microsoft SDKs\TypeScript\1.0\;C:\Program Files\Microsoft SQL Server\120\Tools\Binn\;"C:\Program Files\Java\jdk-13.0.2;JAVA_HOME%\bin";C:\Users\dhehd\Desktop\실전코딩1\apache-maven-3.6.3-bin;C:\;pache-maven-3.6.3-bin;C:\Program Files\nodejs\;C:\Program Files\Git\cmd;C:\Users\dhehd\anaconda3;C:\Users\dhehd\anaconda3\Library\mingw-w64\bin;C:\Users\dhehd\anaconda3\Library\usr\bin;C:\Users\dhehd\anaconda3\Library\bin;C:\Users\dhehd\anaconda3\Scripts;C:\Users\dhehd\AppData\Local\Programs\Python\Python36\Scripts\;C:\Users\dhehd\AppData\Local\Programs\Python\Python36\;C:\Program Files\Java\jdk-13.0.2\bin;C:\Program Files (x64)\Wizvera\Delfino;C:\Program Files (x64)\AMD APP\bin\x86_64;C:\Program Files (x64)\AMD APP\bin\x64;C:\WINDOWS\system32;C:\WINDOWS;C:\WINDOWS\System32\Wbem;C:\WINDOWS\System32\WindowsPowerShell\v1.0\;C:\Program Files (x64)\ATI Technologies\ATI.ACE\Core-Static;C:\Program Files\Intel\WiFi\bin\;C:\Program Files\Common Files\Intel\WirelessCommon\;C:\Program Files (x64)\Windows Kits\8.1\Windows Performance Toolkit\;C:\Program Files\Microsoft SQL Server\110\Tools\Binn\;C:\Users\dhehd\AppData\Local\Microsoft\WindowsApps;C:\Users\dhehd\AppData\Local\Programs\Microsoft VS Code\bin;C:\Users\dhehd\AppData\Local\GitHubDesktop\bin;C:\Program Files\JetBrains\PyCharm Community
USERNAME=dhehd
OS=Windows_NT
PROCESSOR_IDENTIFIER=Intel64 Family 6 Model 142 Stepping 9, GenuineIntel



---------------  S Y S T E M  ---------------

OS: Windows 10 , 64 bit Build 18362 (10.0.18362.1082)
OS uptime: 1 days 0:09 hours

CPU:total 4 (initial active 4) (2 cores per cpu, 2 threads per core) family 6 model 142 stepping 9, cmov, cx8, fxsr, mmx, sse, sse2, sse3, ssse3, sse4.1, sse4.2, popcnt, avx, avx2, aes, clmul, erms, 3dnowpref, lzcnt, ht, tsc, tscinvbit, bmi1, bmi2, adx, fma

Memory: 4k page, system-wide physical 3955M (596M free)
TotalPageFile size 16243M (AvailPageFile size 0M)
current process WorkingSet (physical memory assigned to process): 100M, peak: 100M
current process commit charge ("private bytes"): 169M, peak: 170M

vm_info: Java HotSpot(TM) 64-Bit Server VM (14.0.1+7) for windows-amd64 JRE (14.0.1+7), built on Mar  5 2020 10:30:14 by "mach5one" with MS VC++ 15.9 (VS2017)

END.
